   1              		.syntax unified
   2              		.cpu cortex-m3
   3              		.fpu softvfp
   4              		.eabi_attribute 20, 1
   5              		.eabi_attribute 21, 1
   6              		.eabi_attribute 23, 3
   7              		.eabi_attribute 24, 1
   8              		.eabi_attribute 25, 1
   9              		.eabi_attribute 26, 1
  10              		.eabi_attribute 30, 4
  11              		.eabi_attribute 34, 1
  12              		.eabi_attribute 18, 4
  13              		.thumb
  14              		.file	"stm32f10x_dma.c"
  15              		.text
  16              	.Ltext0:
  17              		.cfi_sections	.debug_frame
  18              		.section	.text.DMA_DeInit,"ax",%progbits
  19              		.align	1
  20              		.global	DMA_DeInit
  21              		.thumb
  22              		.thumb_func
  24              	DMA_DeInit:
  25              	.LFB29:
  26              		.file 1 "Libraries/STM32F10x_StdPeriph_Driver/src/stm32f10x_dma.c"
   1:Libraries/STM32F10x_StdPeriph_Driver/src/stm32f10x_dma.c **** /**
   2:Libraries/STM32F10x_StdPeriph_Driver/src/stm32f10x_dma.c ****   ******************************************************************************
   3:Libraries/STM32F10x_StdPeriph_Driver/src/stm32f10x_dma.c ****   * @file    stm32f10x_dma.c
   4:Libraries/STM32F10x_StdPeriph_Driver/src/stm32f10x_dma.c ****   * @author  MCD Application Team
   5:Libraries/STM32F10x_StdPeriph_Driver/src/stm32f10x_dma.c ****   * @version V3.3.0
   6:Libraries/STM32F10x_StdPeriph_Driver/src/stm32f10x_dma.c ****   * @date    04/16/2010
   7:Libraries/STM32F10x_StdPeriph_Driver/src/stm32f10x_dma.c ****   * @brief   This file provides all the DMA firmware functions.
   8:Libraries/STM32F10x_StdPeriph_Driver/src/stm32f10x_dma.c ****   ******************************************************************************
   9:Libraries/STM32F10x_StdPeriph_Driver/src/stm32f10x_dma.c ****   * @copy
  10:Libraries/STM32F10x_StdPeriph_Driver/src/stm32f10x_dma.c ****   *
  11:Libraries/STM32F10x_StdPeriph_Driver/src/stm32f10x_dma.c ****   * THE PRESENT FIRMWARE WHICH IS FOR GUIDANCE ONLY AIMS AT PROVIDING CUSTOMERS
  12:Libraries/STM32F10x_StdPeriph_Driver/src/stm32f10x_dma.c ****   * WITH CODING INFORMATION REGARDING THEIR PRODUCTS IN ORDER FOR THEM TO SAVE
  13:Libraries/STM32F10x_StdPeriph_Driver/src/stm32f10x_dma.c ****   * TIME. AS A RESULT, STMICROELECTRONICS SHALL NOT BE HELD LIABLE FOR ANY
  14:Libraries/STM32F10x_StdPeriph_Driver/src/stm32f10x_dma.c ****   * DIRECT, INDIRECT OR CONSEQUENTIAL DAMAGES WITH RESPECT TO ANY CLAIMS ARISING
  15:Libraries/STM32F10x_StdPeriph_Driver/src/stm32f10x_dma.c ****   * FROM THE CONTENT OF SUCH FIRMWARE AND/OR THE USE MADE BY CUSTOMERS OF THE
  16:Libraries/STM32F10x_StdPeriph_Driver/src/stm32f10x_dma.c ****   * CODING INFORMATION CONTAINED HEREIN IN CONNECTION WITH THEIR PRODUCTS.
  17:Libraries/STM32F10x_StdPeriph_Driver/src/stm32f10x_dma.c ****   *
  18:Libraries/STM32F10x_StdPeriph_Driver/src/stm32f10x_dma.c ****   * <h2><center>&copy; COPYRIGHT 2010 STMicroelectronics</center></h2>
  19:Libraries/STM32F10x_StdPeriph_Driver/src/stm32f10x_dma.c ****   */ 
  20:Libraries/STM32F10x_StdPeriph_Driver/src/stm32f10x_dma.c **** 
  21:Libraries/STM32F10x_StdPeriph_Driver/src/stm32f10x_dma.c **** /* Includes ------------------------------------------------------------------*/
  22:Libraries/STM32F10x_StdPeriph_Driver/src/stm32f10x_dma.c **** #include "stm32f10x_dma.h"
  23:Libraries/STM32F10x_StdPeriph_Driver/src/stm32f10x_dma.c **** #include "stm32f10x_rcc.h"
  24:Libraries/STM32F10x_StdPeriph_Driver/src/stm32f10x_dma.c **** 
  25:Libraries/STM32F10x_StdPeriph_Driver/src/stm32f10x_dma.c **** /** @addtogroup STM32F10x_StdPeriph_Driver
  26:Libraries/STM32F10x_StdPeriph_Driver/src/stm32f10x_dma.c ****   * @{
  27:Libraries/STM32F10x_StdPeriph_Driver/src/stm32f10x_dma.c ****   */
  28:Libraries/STM32F10x_StdPeriph_Driver/src/stm32f10x_dma.c **** 
  29:Libraries/STM32F10x_StdPeriph_Driver/src/stm32f10x_dma.c **** /** @defgroup DMA 
  30:Libraries/STM32F10x_StdPeriph_Driver/src/stm32f10x_dma.c ****   * @brief DMA driver modules
  31:Libraries/STM32F10x_StdPeriph_Driver/src/stm32f10x_dma.c ****   * @{
  32:Libraries/STM32F10x_StdPeriph_Driver/src/stm32f10x_dma.c ****   */ 
  33:Libraries/STM32F10x_StdPeriph_Driver/src/stm32f10x_dma.c **** 
  34:Libraries/STM32F10x_StdPeriph_Driver/src/stm32f10x_dma.c **** /** @defgroup DMA_Private_TypesDefinitions
  35:Libraries/STM32F10x_StdPeriph_Driver/src/stm32f10x_dma.c ****   * @{
  36:Libraries/STM32F10x_StdPeriph_Driver/src/stm32f10x_dma.c ****   */ 
  37:Libraries/STM32F10x_StdPeriph_Driver/src/stm32f10x_dma.c **** /**
  38:Libraries/STM32F10x_StdPeriph_Driver/src/stm32f10x_dma.c ****   * @}
  39:Libraries/STM32F10x_StdPeriph_Driver/src/stm32f10x_dma.c ****   */
  40:Libraries/STM32F10x_StdPeriph_Driver/src/stm32f10x_dma.c **** 
  41:Libraries/STM32F10x_StdPeriph_Driver/src/stm32f10x_dma.c **** /** @defgroup DMA_Private_Defines
  42:Libraries/STM32F10x_StdPeriph_Driver/src/stm32f10x_dma.c ****   * @{
  43:Libraries/STM32F10x_StdPeriph_Driver/src/stm32f10x_dma.c ****   */
  44:Libraries/STM32F10x_StdPeriph_Driver/src/stm32f10x_dma.c **** 
  45:Libraries/STM32F10x_StdPeriph_Driver/src/stm32f10x_dma.c **** /* DMA ENABLE mask */
  46:Libraries/STM32F10x_StdPeriph_Driver/src/stm32f10x_dma.c **** #define CCR_ENABLE_Set          ((uint32_t)0x00000001)
  47:Libraries/STM32F10x_StdPeriph_Driver/src/stm32f10x_dma.c **** #define CCR_ENABLE_Reset        ((uint32_t)0xFFFFFFFE)
  48:Libraries/STM32F10x_StdPeriph_Driver/src/stm32f10x_dma.c **** 
  49:Libraries/STM32F10x_StdPeriph_Driver/src/stm32f10x_dma.c **** /* DMA1 Channelx interrupt pending bit masks */
  50:Libraries/STM32F10x_StdPeriph_Driver/src/stm32f10x_dma.c **** #define DMA1_Channel1_IT_Mask    ((uint32_t)0x0000000F)
  51:Libraries/STM32F10x_StdPeriph_Driver/src/stm32f10x_dma.c **** #define DMA1_Channel2_IT_Mask    ((uint32_t)0x000000F0)
  52:Libraries/STM32F10x_StdPeriph_Driver/src/stm32f10x_dma.c **** #define DMA1_Channel3_IT_Mask    ((uint32_t)0x00000F00)
  53:Libraries/STM32F10x_StdPeriph_Driver/src/stm32f10x_dma.c **** #define DMA1_Channel4_IT_Mask    ((uint32_t)0x0000F000)
  54:Libraries/STM32F10x_StdPeriph_Driver/src/stm32f10x_dma.c **** #define DMA1_Channel5_IT_Mask    ((uint32_t)0x000F0000)
  55:Libraries/STM32F10x_StdPeriph_Driver/src/stm32f10x_dma.c **** #define DMA1_Channel6_IT_Mask    ((uint32_t)0x00F00000)
  56:Libraries/STM32F10x_StdPeriph_Driver/src/stm32f10x_dma.c **** #define DMA1_Channel7_IT_Mask    ((uint32_t)0x0F000000)
  57:Libraries/STM32F10x_StdPeriph_Driver/src/stm32f10x_dma.c **** 
  58:Libraries/STM32F10x_StdPeriph_Driver/src/stm32f10x_dma.c **** /* DMA2 Channelx interrupt pending bit masks */
  59:Libraries/STM32F10x_StdPeriph_Driver/src/stm32f10x_dma.c **** #define DMA2_Channel1_IT_Mask    ((uint32_t)0x0000000F)
  60:Libraries/STM32F10x_StdPeriph_Driver/src/stm32f10x_dma.c **** #define DMA2_Channel2_IT_Mask    ((uint32_t)0x000000F0)
  61:Libraries/STM32F10x_StdPeriph_Driver/src/stm32f10x_dma.c **** #define DMA2_Channel3_IT_Mask    ((uint32_t)0x00000F00)
  62:Libraries/STM32F10x_StdPeriph_Driver/src/stm32f10x_dma.c **** #define DMA2_Channel4_IT_Mask    ((uint32_t)0x0000F000)
  63:Libraries/STM32F10x_StdPeriph_Driver/src/stm32f10x_dma.c **** #define DMA2_Channel5_IT_Mask    ((uint32_t)0x000F0000)
  64:Libraries/STM32F10x_StdPeriph_Driver/src/stm32f10x_dma.c **** 
  65:Libraries/STM32F10x_StdPeriph_Driver/src/stm32f10x_dma.c **** /* DMA2 FLAG mask */
  66:Libraries/STM32F10x_StdPeriph_Driver/src/stm32f10x_dma.c **** #define FLAG_Mask                ((uint32_t)0x10000000)
  67:Libraries/STM32F10x_StdPeriph_Driver/src/stm32f10x_dma.c **** 
  68:Libraries/STM32F10x_StdPeriph_Driver/src/stm32f10x_dma.c **** /* DMA registers Masks */
  69:Libraries/STM32F10x_StdPeriph_Driver/src/stm32f10x_dma.c **** #define CCR_CLEAR_Mask           ((uint32_t)0xFFFF800F)
  70:Libraries/STM32F10x_StdPeriph_Driver/src/stm32f10x_dma.c **** 
  71:Libraries/STM32F10x_StdPeriph_Driver/src/stm32f10x_dma.c **** /**
  72:Libraries/STM32F10x_StdPeriph_Driver/src/stm32f10x_dma.c ****   * @}
  73:Libraries/STM32F10x_StdPeriph_Driver/src/stm32f10x_dma.c ****   */
  74:Libraries/STM32F10x_StdPeriph_Driver/src/stm32f10x_dma.c **** 
  75:Libraries/STM32F10x_StdPeriph_Driver/src/stm32f10x_dma.c **** /** @defgroup DMA_Private_Macros
  76:Libraries/STM32F10x_StdPeriph_Driver/src/stm32f10x_dma.c ****   * @{
  77:Libraries/STM32F10x_StdPeriph_Driver/src/stm32f10x_dma.c ****   */
  78:Libraries/STM32F10x_StdPeriph_Driver/src/stm32f10x_dma.c **** 
  79:Libraries/STM32F10x_StdPeriph_Driver/src/stm32f10x_dma.c **** /**
  80:Libraries/STM32F10x_StdPeriph_Driver/src/stm32f10x_dma.c ****   * @}
  81:Libraries/STM32F10x_StdPeriph_Driver/src/stm32f10x_dma.c ****   */
  82:Libraries/STM32F10x_StdPeriph_Driver/src/stm32f10x_dma.c **** 
  83:Libraries/STM32F10x_StdPeriph_Driver/src/stm32f10x_dma.c **** /** @defgroup DMA_Private_Variables
  84:Libraries/STM32F10x_StdPeriph_Driver/src/stm32f10x_dma.c ****   * @{
  85:Libraries/STM32F10x_StdPeriph_Driver/src/stm32f10x_dma.c ****   */
  86:Libraries/STM32F10x_StdPeriph_Driver/src/stm32f10x_dma.c **** 
  87:Libraries/STM32F10x_StdPeriph_Driver/src/stm32f10x_dma.c **** /**
  88:Libraries/STM32F10x_StdPeriph_Driver/src/stm32f10x_dma.c ****   * @}
  89:Libraries/STM32F10x_StdPeriph_Driver/src/stm32f10x_dma.c ****   */
  90:Libraries/STM32F10x_StdPeriph_Driver/src/stm32f10x_dma.c **** 
  91:Libraries/STM32F10x_StdPeriph_Driver/src/stm32f10x_dma.c **** /** @defgroup DMA_Private_FunctionPrototypes
  92:Libraries/STM32F10x_StdPeriph_Driver/src/stm32f10x_dma.c ****   * @{
  93:Libraries/STM32F10x_StdPeriph_Driver/src/stm32f10x_dma.c ****   */
  94:Libraries/STM32F10x_StdPeriph_Driver/src/stm32f10x_dma.c **** 
  95:Libraries/STM32F10x_StdPeriph_Driver/src/stm32f10x_dma.c **** /**
  96:Libraries/STM32F10x_StdPeriph_Driver/src/stm32f10x_dma.c ****   * @}
  97:Libraries/STM32F10x_StdPeriph_Driver/src/stm32f10x_dma.c ****   */
  98:Libraries/STM32F10x_StdPeriph_Driver/src/stm32f10x_dma.c **** 
  99:Libraries/STM32F10x_StdPeriph_Driver/src/stm32f10x_dma.c **** /** @defgroup DMA_Private_Functions
 100:Libraries/STM32F10x_StdPeriph_Driver/src/stm32f10x_dma.c ****   * @{
 101:Libraries/STM32F10x_StdPeriph_Driver/src/stm32f10x_dma.c ****   */
 102:Libraries/STM32F10x_StdPeriph_Driver/src/stm32f10x_dma.c **** 
 103:Libraries/STM32F10x_StdPeriph_Driver/src/stm32f10x_dma.c **** /**
 104:Libraries/STM32F10x_StdPeriph_Driver/src/stm32f10x_dma.c ****   * @brief  Deinitializes the DMAy Channelx registers to their default reset
 105:Libraries/STM32F10x_StdPeriph_Driver/src/stm32f10x_dma.c ****   *   values.
 106:Libraries/STM32F10x_StdPeriph_Driver/src/stm32f10x_dma.c ****   * @param  DMAy_Channelx: where y can be 1 or 2 to select the DMA and
 107:Libraries/STM32F10x_StdPeriph_Driver/src/stm32f10x_dma.c ****   *   x can be 1 to 7 for DMA1 and 1 to 5 for DMA2 to select the DMA Channel.
 108:Libraries/STM32F10x_StdPeriph_Driver/src/stm32f10x_dma.c ****   * @retval None
 109:Libraries/STM32F10x_StdPeriph_Driver/src/stm32f10x_dma.c ****   */
 110:Libraries/STM32F10x_StdPeriph_Driver/src/stm32f10x_dma.c **** void DMA_DeInit(DMA_Channel_TypeDef* DMAy_Channelx)
 111:Libraries/STM32F10x_StdPeriph_Driver/src/stm32f10x_dma.c **** {
  27              		.loc 1 111 0
  28              		.cfi_startproc
  29              		@ args = 0, pretend = 0, frame = 0
  30              		@ frame_needed = 0, uses_anonymous_args = 0
  31              		@ link register save eliminated.
  32              	.LVL0:
 112:Libraries/STM32F10x_StdPeriph_Driver/src/stm32f10x_dma.c ****   /* Check the parameters */
 113:Libraries/STM32F10x_StdPeriph_Driver/src/stm32f10x_dma.c ****   assert_param(IS_DMA_ALL_PERIPH(DMAy_Channelx));
 114:Libraries/STM32F10x_StdPeriph_Driver/src/stm32f10x_dma.c ****   /* Disable the selected DMAy Channelx */
 115:Libraries/STM32F10x_StdPeriph_Driver/src/stm32f10x_dma.c ****   DMAy_Channelx->CCR &= CCR_ENABLE_Reset;
  33              		.loc 1 115 0
  34 0000 0368     		ldr	r3, [r0]
  35 0002 23F00103 		bic	r3, r3, #1
  36 0006 0360     		str	r3, [r0]
 116:Libraries/STM32F10x_StdPeriph_Driver/src/stm32f10x_dma.c ****   /* Reset DMAy Channelx control register */
 117:Libraries/STM32F10x_StdPeriph_Driver/src/stm32f10x_dma.c ****   DMAy_Channelx->CCR  = 0;
  37              		.loc 1 117 0
  38 0008 0023     		movs	r3, #0
  39 000a 0360     		str	r3, [r0]
 118:Libraries/STM32F10x_StdPeriph_Driver/src/stm32f10x_dma.c ****   
 119:Libraries/STM32F10x_StdPeriph_Driver/src/stm32f10x_dma.c ****   /* Reset DMAy Channelx remaining bytes register */
 120:Libraries/STM32F10x_StdPeriph_Driver/src/stm32f10x_dma.c ****   DMAy_Channelx->CNDTR = 0;
  40              		.loc 1 120 0
  41 000c 4360     		str	r3, [r0, #4]
 121:Libraries/STM32F10x_StdPeriph_Driver/src/stm32f10x_dma.c ****   
 122:Libraries/STM32F10x_StdPeriph_Driver/src/stm32f10x_dma.c ****   /* Reset DMAy Channelx peripheral address register */
 123:Libraries/STM32F10x_StdPeriph_Driver/src/stm32f10x_dma.c ****   DMAy_Channelx->CPAR  = 0;
  42              		.loc 1 123 0
  43 000e 8360     		str	r3, [r0, #8]
 124:Libraries/STM32F10x_StdPeriph_Driver/src/stm32f10x_dma.c ****   
 125:Libraries/STM32F10x_StdPeriph_Driver/src/stm32f10x_dma.c ****   /* Reset DMAy Channelx memory address register */
 126:Libraries/STM32F10x_StdPeriph_Driver/src/stm32f10x_dma.c ****   DMAy_Channelx->CMAR = 0;
  44              		.loc 1 126 0
  45 0010 C360     		str	r3, [r0, #12]
 127:Libraries/STM32F10x_StdPeriph_Driver/src/stm32f10x_dma.c ****   
 128:Libraries/STM32F10x_StdPeriph_Driver/src/stm32f10x_dma.c ****   if (DMAy_Channelx == DMA1_Channel1)
  46              		.loc 1 128 0
  47 0012 294B     		ldr	r3, .L21
  48 0014 9842     		cmp	r0, r3
  49 0016 01D1     		bne	.L2
 129:Libraries/STM32F10x_StdPeriph_Driver/src/stm32f10x_dma.c ****   {
 130:Libraries/STM32F10x_StdPeriph_Driver/src/stm32f10x_dma.c ****     /* Reset interrupt pending bits for DMA1 Channel1 */
 131:Libraries/STM32F10x_StdPeriph_Driver/src/stm32f10x_dma.c ****     DMA1->IFCR |= DMA1_Channel1_IT_Mask;
  50              		.loc 1 131 0
  51 0018 284A     		ldr	r2, .L21+4
  52 001a 27E0     		b	.L16
  53              	.L2:
 132:Libraries/STM32F10x_StdPeriph_Driver/src/stm32f10x_dma.c ****   }
 133:Libraries/STM32F10x_StdPeriph_Driver/src/stm32f10x_dma.c ****   else if (DMAy_Channelx == DMA1_Channel2)
  54              		.loc 1 133 0
  55 001c 284B     		ldr	r3, .L21+8
  56 001e 9842     		cmp	r0, r3
  57 0020 01D1     		bne	.L4
 134:Libraries/STM32F10x_StdPeriph_Driver/src/stm32f10x_dma.c ****   {
 135:Libraries/STM32F10x_StdPeriph_Driver/src/stm32f10x_dma.c ****     /* Reset interrupt pending bits for DMA1 Channel2 */
 136:Libraries/STM32F10x_StdPeriph_Driver/src/stm32f10x_dma.c ****     DMA1->IFCR |= DMA1_Channel2_IT_Mask;
  58              		.loc 1 136 0
  59 0022 264A     		ldr	r2, .L21+4
  60 0024 2AE0     		b	.L17
  61              	.L4:
 137:Libraries/STM32F10x_StdPeriph_Driver/src/stm32f10x_dma.c ****   }
 138:Libraries/STM32F10x_StdPeriph_Driver/src/stm32f10x_dma.c ****   else if (DMAy_Channelx == DMA1_Channel3)
  62              		.loc 1 138 0
  63 0026 274B     		ldr	r3, .L21+12
  64 0028 9842     		cmp	r0, r3
  65 002a 01D1     		bne	.L5
 139:Libraries/STM32F10x_StdPeriph_Driver/src/stm32f10x_dma.c ****   {
 140:Libraries/STM32F10x_StdPeriph_Driver/src/stm32f10x_dma.c ****     /* Reset interrupt pending bits for DMA1 Channel3 */
 141:Libraries/STM32F10x_StdPeriph_Driver/src/stm32f10x_dma.c ****     DMA1->IFCR |= DMA1_Channel3_IT_Mask;
  66              		.loc 1 141 0
  67 002c 234A     		ldr	r2, .L21+4
  68 002e 2DE0     		b	.L18
  69              	.L5:
 142:Libraries/STM32F10x_StdPeriph_Driver/src/stm32f10x_dma.c ****   }
 143:Libraries/STM32F10x_StdPeriph_Driver/src/stm32f10x_dma.c ****   else if (DMAy_Channelx == DMA1_Channel4)
  70              		.loc 1 143 0
  71 0030 254B     		ldr	r3, .L21+16
  72 0032 9842     		cmp	r0, r3
  73 0034 01D1     		bne	.L6
 144:Libraries/STM32F10x_StdPeriph_Driver/src/stm32f10x_dma.c ****   {
 145:Libraries/STM32F10x_StdPeriph_Driver/src/stm32f10x_dma.c ****     /* Reset interrupt pending bits for DMA1 Channel4 */
 146:Libraries/STM32F10x_StdPeriph_Driver/src/stm32f10x_dma.c ****     DMA1->IFCR |= DMA1_Channel4_IT_Mask;
  74              		.loc 1 146 0
  75 0036 214A     		ldr	r2, .L21+4
  76 0038 30E0     		b	.L19
  77              	.L6:
 147:Libraries/STM32F10x_StdPeriph_Driver/src/stm32f10x_dma.c ****   }
 148:Libraries/STM32F10x_StdPeriph_Driver/src/stm32f10x_dma.c ****   else if (DMAy_Channelx == DMA1_Channel5)
  78              		.loc 1 148 0
  79 003a 244B     		ldr	r3, .L21+20
  80 003c 9842     		cmp	r0, r3
  81 003e 01D1     		bne	.L7
 149:Libraries/STM32F10x_StdPeriph_Driver/src/stm32f10x_dma.c ****   {
 150:Libraries/STM32F10x_StdPeriph_Driver/src/stm32f10x_dma.c ****     /* Reset interrupt pending bits for DMA1 Channel5 */
 151:Libraries/STM32F10x_StdPeriph_Driver/src/stm32f10x_dma.c ****     DMA1->IFCR |= DMA1_Channel5_IT_Mask;
  82              		.loc 1 151 0
  83 0040 1E4A     		ldr	r2, .L21+4
  84 0042 33E0     		b	.L15
  85              	.L7:
 152:Libraries/STM32F10x_StdPeriph_Driver/src/stm32f10x_dma.c ****   }
 153:Libraries/STM32F10x_StdPeriph_Driver/src/stm32f10x_dma.c ****   else if (DMAy_Channelx == DMA1_Channel6)
  86              		.loc 1 153 0
  87 0044 224B     		ldr	r3, .L21+24
  88 0046 9842     		cmp	r0, r3
  89 0048 04D1     		bne	.L8
 154:Libraries/STM32F10x_StdPeriph_Driver/src/stm32f10x_dma.c ****   {
 155:Libraries/STM32F10x_StdPeriph_Driver/src/stm32f10x_dma.c ****     /* Reset interrupt pending bits for DMA1 Channel6 */
 156:Libraries/STM32F10x_StdPeriph_Driver/src/stm32f10x_dma.c ****     DMA1->IFCR |= DMA1_Channel6_IT_Mask;
  90              		.loc 1 156 0
  91 004a 1C4A     		ldr	r2, .L21+4
  92 004c 5368     		ldr	r3, [r2, #4]
  93 004e 43F47003 		orr	r3, r3, #15728640
  94 0052 2EE0     		b	.L14
  95              	.L8:
 157:Libraries/STM32F10x_StdPeriph_Driver/src/stm32f10x_dma.c ****   }
 158:Libraries/STM32F10x_StdPeriph_Driver/src/stm32f10x_dma.c ****   else if (DMAy_Channelx == DMA1_Channel7)
  96              		.loc 1 158 0
  97 0054 1F4B     		ldr	r3, .L21+28
  98 0056 9842     		cmp	r0, r3
  99 0058 04D1     		bne	.L9
 159:Libraries/STM32F10x_StdPeriph_Driver/src/stm32f10x_dma.c ****   {
 160:Libraries/STM32F10x_StdPeriph_Driver/src/stm32f10x_dma.c ****     /* Reset interrupt pending bits for DMA1 Channel7 */
 161:Libraries/STM32F10x_StdPeriph_Driver/src/stm32f10x_dma.c ****     DMA1->IFCR |= DMA1_Channel7_IT_Mask;
 100              		.loc 1 161 0
 101 005a 184A     		ldr	r2, .L21+4
 102 005c 5368     		ldr	r3, [r2, #4]
 103 005e 43F07063 		orr	r3, r3, #251658240
 104 0062 26E0     		b	.L14
 105              	.L9:
 162:Libraries/STM32F10x_StdPeriph_Driver/src/stm32f10x_dma.c ****   }
 163:Libraries/STM32F10x_StdPeriph_Driver/src/stm32f10x_dma.c ****   else if (DMAy_Channelx == DMA2_Channel1)
 106              		.loc 1 163 0
 107 0064 1C4B     		ldr	r3, .L21+32
 108 0066 9842     		cmp	r0, r3
 109 0068 04D1     		bne	.L10
 164:Libraries/STM32F10x_StdPeriph_Driver/src/stm32f10x_dma.c ****   {
 165:Libraries/STM32F10x_StdPeriph_Driver/src/stm32f10x_dma.c ****     /* Reset interrupt pending bits for DMA2 Channel1 */
 166:Libraries/STM32F10x_StdPeriph_Driver/src/stm32f10x_dma.c ****     DMA2->IFCR |= DMA2_Channel1_IT_Mask;
 110              		.loc 1 166 0
 111 006a 1C4A     		ldr	r2, .L21+36
 112              	.L16:
 113 006c 5368     		ldr	r3, [r2, #4]
 114 006e 43F00F03 		orr	r3, r3, #15
 115 0072 1EE0     		b	.L14
 116              	.L10:
 167:Libraries/STM32F10x_StdPeriph_Driver/src/stm32f10x_dma.c ****   }
 168:Libraries/STM32F10x_StdPeriph_Driver/src/stm32f10x_dma.c ****   else if (DMAy_Channelx == DMA2_Channel2)
 117              		.loc 1 168 0
 118 0074 1A4B     		ldr	r3, .L21+40
 119 0076 9842     		cmp	r0, r3
 120 0078 04D1     		bne	.L11
 169:Libraries/STM32F10x_StdPeriph_Driver/src/stm32f10x_dma.c ****   {
 170:Libraries/STM32F10x_StdPeriph_Driver/src/stm32f10x_dma.c ****     /* Reset interrupt pending bits for DMA2 Channel2 */
 171:Libraries/STM32F10x_StdPeriph_Driver/src/stm32f10x_dma.c ****     DMA2->IFCR |= DMA2_Channel2_IT_Mask;
 121              		.loc 1 171 0
 122 007a 184A     		ldr	r2, .L21+36
 123              	.L17:
 124 007c 5368     		ldr	r3, [r2, #4]
 125 007e 43F0F003 		orr	r3, r3, #240
 126 0082 16E0     		b	.L14
 127              	.L11:
 172:Libraries/STM32F10x_StdPeriph_Driver/src/stm32f10x_dma.c ****   }
 173:Libraries/STM32F10x_StdPeriph_Driver/src/stm32f10x_dma.c ****   else if (DMAy_Channelx == DMA2_Channel3)
 128              		.loc 1 173 0
 129 0084 174B     		ldr	r3, .L21+44
 130 0086 9842     		cmp	r0, r3
 131 0088 04D1     		bne	.L12
 174:Libraries/STM32F10x_StdPeriph_Driver/src/stm32f10x_dma.c ****   {
 175:Libraries/STM32F10x_StdPeriph_Driver/src/stm32f10x_dma.c ****     /* Reset interrupt pending bits for DMA2 Channel3 */
 176:Libraries/STM32F10x_StdPeriph_Driver/src/stm32f10x_dma.c ****     DMA2->IFCR |= DMA2_Channel3_IT_Mask;
 132              		.loc 1 176 0
 133 008a 144A     		ldr	r2, .L21+36
 134              	.L18:
 135 008c 5368     		ldr	r3, [r2, #4]
 136 008e 43F47063 		orr	r3, r3, #3840
 137 0092 0EE0     		b	.L14
 138              	.L12:
 177:Libraries/STM32F10x_StdPeriph_Driver/src/stm32f10x_dma.c ****   }
 178:Libraries/STM32F10x_StdPeriph_Driver/src/stm32f10x_dma.c ****   else if (DMAy_Channelx == DMA2_Channel4)
 139              		.loc 1 178 0
 140 0094 144B     		ldr	r3, .L21+48
 141 0096 9842     		cmp	r0, r3
 142 0098 04D1     		bne	.L13
 179:Libraries/STM32F10x_StdPeriph_Driver/src/stm32f10x_dma.c ****   {
 180:Libraries/STM32F10x_StdPeriph_Driver/src/stm32f10x_dma.c ****     /* Reset interrupt pending bits for DMA2 Channel4 */
 181:Libraries/STM32F10x_StdPeriph_Driver/src/stm32f10x_dma.c ****     DMA2->IFCR |= DMA2_Channel4_IT_Mask;
 143              		.loc 1 181 0
 144 009a 104A     		ldr	r2, .L21+36
 145              	.L19:
 146 009c 5368     		ldr	r3, [r2, #4]
 147 009e 43F47043 		orr	r3, r3, #61440
 148 00a2 06E0     		b	.L14
 149              	.L13:
 182:Libraries/STM32F10x_StdPeriph_Driver/src/stm32f10x_dma.c ****   }
 183:Libraries/STM32F10x_StdPeriph_Driver/src/stm32f10x_dma.c ****   else
 184:Libraries/STM32F10x_StdPeriph_Driver/src/stm32f10x_dma.c ****   { 
 185:Libraries/STM32F10x_StdPeriph_Driver/src/stm32f10x_dma.c ****     if (DMAy_Channelx == DMA2_Channel5)
 150              		.loc 1 185 0
 151 00a4 114B     		ldr	r3, .L21+52
 152 00a6 9842     		cmp	r0, r3
 153 00a8 04D1     		bne	.L1
 186:Libraries/STM32F10x_StdPeriph_Driver/src/stm32f10x_dma.c ****     {
 187:Libraries/STM32F10x_StdPeriph_Driver/src/stm32f10x_dma.c ****       /* Reset interrupt pending bits for DMA2 Channel5 */
 188:Libraries/STM32F10x_StdPeriph_Driver/src/stm32f10x_dma.c ****       DMA2->IFCR |= DMA2_Channel5_IT_Mask;
 154              		.loc 1 188 0
 155 00aa 0C4A     		ldr	r2, .L21+36
 156              	.L15:
 157 00ac 5368     		ldr	r3, [r2, #4]
 158 00ae 43F47023 		orr	r3, r3, #983040
 159              	.L14:
 160 00b2 5360     		str	r3, [r2, #4]
 161              	.L1:
 162 00b4 7047     		bx	lr
 163              	.L22:
 164 00b6 00BF     		.align	2
 165              	.L21:
 166 00b8 08000240 		.word	1073872904
 167 00bc 00000240 		.word	1073872896
 168 00c0 1C000240 		.word	1073872924
 169 00c4 30000240 		.word	1073872944
 170 00c8 44000240 		.word	1073872964
 171 00cc 58000240 		.word	1073872984
 172 00d0 6C000240 		.word	1073873004
 173 00d4 80000240 		.word	1073873024
 174 00d8 08040240 		.word	1073873928
 175 00dc 00040240 		.word	1073873920
 176 00e0 1C040240 		.word	1073873948
 177 00e4 30040240 		.word	1073873968
 178 00e8 44040240 		.word	1073873988
 179 00ec 58040240 		.word	1073874008
 180              		.cfi_endproc
 181              	.LFE29:
 183              		.section	.text.DMA_Init,"ax",%progbits
 184              		.align	1
 185              		.global	DMA_Init
 186              		.thumb
 187              		.thumb_func
 189              	DMA_Init:
 190              	.LFB30:
 189:Libraries/STM32F10x_StdPeriph_Driver/src/stm32f10x_dma.c ****     }
 190:Libraries/STM32F10x_StdPeriph_Driver/src/stm32f10x_dma.c ****   }
 191:Libraries/STM32F10x_StdPeriph_Driver/src/stm32f10x_dma.c **** }
 192:Libraries/STM32F10x_StdPeriph_Driver/src/stm32f10x_dma.c **** 
 193:Libraries/STM32F10x_StdPeriph_Driver/src/stm32f10x_dma.c **** /**
 194:Libraries/STM32F10x_StdPeriph_Driver/src/stm32f10x_dma.c ****   * @brief  Initializes the DMAy Channelx according to the specified
 195:Libraries/STM32F10x_StdPeriph_Driver/src/stm32f10x_dma.c ****   *   parameters in the DMA_InitStruct.
 196:Libraries/STM32F10x_StdPeriph_Driver/src/stm32f10x_dma.c ****   * @param  DMAy_Channelx: where y can be 1 or 2 to select the DMA and 
 197:Libraries/STM32F10x_StdPeriph_Driver/src/stm32f10x_dma.c ****   *   x can be 1 to 7 for DMA1 and 1 to 5 for DMA2 to select the DMA Channel.
 198:Libraries/STM32F10x_StdPeriph_Driver/src/stm32f10x_dma.c ****   * @param  DMA_InitStruct: pointer to a DMA_InitTypeDef structure that
 199:Libraries/STM32F10x_StdPeriph_Driver/src/stm32f10x_dma.c ****   *   contains the configuration information for the specified DMA Channel.
 200:Libraries/STM32F10x_StdPeriph_Driver/src/stm32f10x_dma.c ****   * @retval None
 201:Libraries/STM32F10x_StdPeriph_Driver/src/stm32f10x_dma.c ****   */
 202:Libraries/STM32F10x_StdPeriph_Driver/src/stm32f10x_dma.c **** void DMA_Init(DMA_Channel_TypeDef* DMAy_Channelx, DMA_InitTypeDef* DMA_InitStruct)
 203:Libraries/STM32F10x_StdPeriph_Driver/src/stm32f10x_dma.c **** {
 191              		.loc 1 203 0
 192              		.cfi_startproc
 193              		@ args = 0, pretend = 0, frame = 0
 194              		@ frame_needed = 0, uses_anonymous_args = 0
 195              	.LVL1:
 204:Libraries/STM32F10x_StdPeriph_Driver/src/stm32f10x_dma.c ****   uint32_t tmpreg = 0;
 205:Libraries/STM32F10x_StdPeriph_Driver/src/stm32f10x_dma.c **** 
 206:Libraries/STM32F10x_StdPeriph_Driver/src/stm32f10x_dma.c ****   /* Check the parameters */
 207:Libraries/STM32F10x_StdPeriph_Driver/src/stm32f10x_dma.c ****   assert_param(IS_DMA_ALL_PERIPH(DMAy_Channelx));
 208:Libraries/STM32F10x_StdPeriph_Driver/src/stm32f10x_dma.c ****   assert_param(IS_DMA_DIR(DMA_InitStruct->DMA_DIR));
 209:Libraries/STM32F10x_StdPeriph_Driver/src/stm32f10x_dma.c ****   assert_param(IS_DMA_BUFFER_SIZE(DMA_InitStruct->DMA_BufferSize));
 210:Libraries/STM32F10x_StdPeriph_Driver/src/stm32f10x_dma.c ****   assert_param(IS_DMA_PERIPHERAL_INC_STATE(DMA_InitStruct->DMA_PeripheralInc));
 211:Libraries/STM32F10x_StdPeriph_Driver/src/stm32f10x_dma.c ****   assert_param(IS_DMA_MEMORY_INC_STATE(DMA_InitStruct->DMA_MemoryInc));   
 212:Libraries/STM32F10x_StdPeriph_Driver/src/stm32f10x_dma.c ****   assert_param(IS_DMA_PERIPHERAL_DATA_SIZE(DMA_InitStruct->DMA_PeripheralDataSize));
 213:Libraries/STM32F10x_StdPeriph_Driver/src/stm32f10x_dma.c ****   assert_param(IS_DMA_MEMORY_DATA_SIZE(DMA_InitStruct->DMA_MemoryDataSize));
 214:Libraries/STM32F10x_StdPeriph_Driver/src/stm32f10x_dma.c ****   assert_param(IS_DMA_MODE(DMA_InitStruct->DMA_Mode));
 215:Libraries/STM32F10x_StdPeriph_Driver/src/stm32f10x_dma.c ****   assert_param(IS_DMA_PRIORITY(DMA_InitStruct->DMA_Priority));
 216:Libraries/STM32F10x_StdPeriph_Driver/src/stm32f10x_dma.c ****   assert_param(IS_DMA_M2M_STATE(DMA_InitStruct->DMA_M2M));
 217:Libraries/STM32F10x_StdPeriph_Driver/src/stm32f10x_dma.c **** 
 218:Libraries/STM32F10x_StdPeriph_Driver/src/stm32f10x_dma.c **** /*--------------------------- DMAy Channelx CCR Configuration -----------------*/
 219:Libraries/STM32F10x_StdPeriph_Driver/src/stm32f10x_dma.c ****   /* Get the DMAy_Channelx CCR value */
 220:Libraries/STM32F10x_StdPeriph_Driver/src/stm32f10x_dma.c ****   tmpreg = DMAy_Channelx->CCR;
 221:Libraries/STM32F10x_StdPeriph_Driver/src/stm32f10x_dma.c ****   /* Clear MEM2MEM, PL, MSIZE, PSIZE, MINC, PINC, CIRC and DIR bits */
 222:Libraries/STM32F10x_StdPeriph_Driver/src/stm32f10x_dma.c ****   tmpreg &= CCR_CLEAR_Mask;
 223:Libraries/STM32F10x_StdPeriph_Driver/src/stm32f10x_dma.c ****   /* Configure DMAy Channelx: data transfer, data size, priority level and mode */
 224:Libraries/STM32F10x_StdPeriph_Driver/src/stm32f10x_dma.c ****   /* Set DIR bit according to DMA_DIR value */
 225:Libraries/STM32F10x_StdPeriph_Driver/src/stm32f10x_dma.c ****   /* Set CIRC bit according to DMA_Mode value */
 226:Libraries/STM32F10x_StdPeriph_Driver/src/stm32f10x_dma.c ****   /* Set PINC bit according to DMA_PeripheralInc value */
 227:Libraries/STM32F10x_StdPeriph_Driver/src/stm32f10x_dma.c ****   /* Set MINC bit according to DMA_MemoryInc value */
 228:Libraries/STM32F10x_StdPeriph_Driver/src/stm32f10x_dma.c ****   /* Set PSIZE bits according to DMA_PeripheralDataSize value */
 229:Libraries/STM32F10x_StdPeriph_Driver/src/stm32f10x_dma.c ****   /* Set MSIZE bits according to DMA_MemoryDataSize value */
 230:Libraries/STM32F10x_StdPeriph_Driver/src/stm32f10x_dma.c ****   /* Set PL bits according to DMA_Priority value */
 231:Libraries/STM32F10x_StdPeriph_Driver/src/stm32f10x_dma.c ****   /* Set the MEM2MEM bit according to DMA_M2M value */
 232:Libraries/STM32F10x_StdPeriph_Driver/src/stm32f10x_dma.c ****   tmpreg |= DMA_InitStruct->DMA_DIR | DMA_InitStruct->DMA_Mode |
 196              		.loc 1 232 0
 197 0000 8A68     		ldr	r2, [r1, #8]
 203:Libraries/STM32F10x_StdPeriph_Driver/src/stm32f10x_dma.c ****   uint32_t tmpreg = 0;
 198              		.loc 1 203 0
 199 0002 10B5     		push	{r4, lr}
 200              		.cfi_def_cfa_offset 8
 201              		.cfi_offset 4, -8
 202              		.cfi_offset 14, -4
 203              		.loc 1 232 0
 204 0004 0C6A     		ldr	r4, [r1, #32]
 220:Libraries/STM32F10x_StdPeriph_Driver/src/stm32f10x_dma.c ****   /* Clear MEM2MEM, PL, MSIZE, PSIZE, MINC, PINC, CIRC and DIR bits */
 205              		.loc 1 220 0
 206 0006 0368     		ldr	r3, [r0]
 207              	.LVL2:
 208              		.loc 1 232 0
 209 0008 1443     		orrs	r4, r4, r2
 210 000a 0A69     		ldr	r2, [r1, #16]
 222:Libraries/STM32F10x_StdPeriph_Driver/src/stm32f10x_dma.c ****   /* Configure DMAy Channelx: data transfer, data size, priority level and mode */
 211              		.loc 1 222 0
 212 000c 23F4FF43 		bic	r3, r3, #32640
 213              	.LVL3:
 214              		.loc 1 232 0
 215 0010 1443     		orrs	r4, r4, r2
 233:Libraries/STM32F10x_StdPeriph_Driver/src/stm32f10x_dma.c ****             DMA_InitStruct->DMA_PeripheralInc | DMA_InitStruct->DMA_MemoryInc |
 216              		.loc 1 233 0
 217 0012 4A69     		ldr	r2, [r1, #20]
 222:Libraries/STM32F10x_StdPeriph_Driver/src/stm32f10x_dma.c ****   /* Configure DMAy Channelx: data transfer, data size, priority level and mode */
 218              		.loc 1 222 0
 219 0014 23F07003 		bic	r3, r3, #112
 220              	.LVL4:
 221              		.loc 1 233 0
 222 0018 1443     		orrs	r4, r4, r2
 223 001a 8A69     		ldr	r2, [r1, #24]
 224 001c 1443     		orrs	r4, r4, r2
 234:Libraries/STM32F10x_StdPeriph_Driver/src/stm32f10x_dma.c ****             DMA_InitStruct->DMA_PeripheralDataSize | DMA_InitStruct->DMA_MemoryDataSize |
 225              		.loc 1 234 0
 226 001e CA69     		ldr	r2, [r1, #28]
 227 0020 1443     		orrs	r4, r4, r2
 228 0022 4A6A     		ldr	r2, [r1, #36]
 229 0024 1443     		orrs	r4, r4, r2
 235:Libraries/STM32F10x_StdPeriph_Driver/src/stm32f10x_dma.c ****             DMA_InitStruct->DMA_Priority | DMA_InitStruct->DMA_M2M;
 230              		.loc 1 235 0
 231 0026 8A6A     		ldr	r2, [r1, #40]
 232 0028 2243     		orrs	r2, r2, r4
 232:Libraries/STM32F10x_StdPeriph_Driver/src/stm32f10x_dma.c ****             DMA_InitStruct->DMA_PeripheralInc | DMA_InitStruct->DMA_MemoryInc |
 233              		.loc 1 232 0
 234 002a 1343     		orrs	r3, r3, r2
 235              	.LVL5:
 236:Libraries/STM32F10x_StdPeriph_Driver/src/stm32f10x_dma.c **** 
 237:Libraries/STM32F10x_StdPeriph_Driver/src/stm32f10x_dma.c ****   /* Write to DMAy Channelx CCR */
 238:Libraries/STM32F10x_StdPeriph_Driver/src/stm32f10x_dma.c ****   DMAy_Channelx->CCR = tmpreg;
 236              		.loc 1 238 0
 237 002c 0360     		str	r3, [r0]
 239:Libraries/STM32F10x_StdPeriph_Driver/src/stm32f10x_dma.c **** 
 240:Libraries/STM32F10x_StdPeriph_Driver/src/stm32f10x_dma.c **** /*--------------------------- DMAy Channelx CNDTR Configuration ---------------*/
 241:Libraries/STM32F10x_StdPeriph_Driver/src/stm32f10x_dma.c ****   /* Write to DMAy Channelx CNDTR */
 242:Libraries/STM32F10x_StdPeriph_Driver/src/stm32f10x_dma.c ****   DMAy_Channelx->CNDTR = DMA_InitStruct->DMA_BufferSize;
 238              		.loc 1 242 0
 239 002e CB68     		ldr	r3, [r1, #12]
 240              	.LVL6:
 241 0030 4360     		str	r3, [r0, #4]
 242              	.LVL7:
 243:Libraries/STM32F10x_StdPeriph_Driver/src/stm32f10x_dma.c **** 
 244:Libraries/STM32F10x_StdPeriph_Driver/src/stm32f10x_dma.c **** /*--------------------------- DMAy Channelx CPAR Configuration ----------------*/
 245:Libraries/STM32F10x_StdPeriph_Driver/src/stm32f10x_dma.c ****   /* Write to DMAy Channelx CPAR */
 246:Libraries/STM32F10x_StdPeriph_Driver/src/stm32f10x_dma.c ****   DMAy_Channelx->CPAR = DMA_InitStruct->DMA_PeripheralBaseAddr;
 243              		.loc 1 246 0
 244 0032 0B68     		ldr	r3, [r1]
 245 0034 8360     		str	r3, [r0, #8]
 247:Libraries/STM32F10x_StdPeriph_Driver/src/stm32f10x_dma.c **** 
 248:Libraries/STM32F10x_StdPeriph_Driver/src/stm32f10x_dma.c **** /*--------------------------- DMAy Channelx CMAR Configuration ----------------*/
 249:Libraries/STM32F10x_StdPeriph_Driver/src/stm32f10x_dma.c ****   /* Write to DMAy Channelx CMAR */
 250:Libraries/STM32F10x_StdPeriph_Driver/src/stm32f10x_dma.c ****   DMAy_Channelx->CMAR = DMA_InitStruct->DMA_MemoryBaseAddr;
 246              		.loc 1 250 0
 247 0036 4B68     		ldr	r3, [r1, #4]
 248 0038 C360     		str	r3, [r0, #12]
 249 003a 10BD     		pop	{r4, pc}
 250              		.cfi_endproc
 251              	.LFE30:
 253              		.section	.text.DMA_StructInit,"ax",%progbits
 254              		.align	1
 255              		.global	DMA_StructInit
 256              		.thumb
 257              		.thumb_func
 259              	DMA_StructInit:
 260              	.LFB31:
 251:Libraries/STM32F10x_StdPeriph_Driver/src/stm32f10x_dma.c **** }
 252:Libraries/STM32F10x_StdPeriph_Driver/src/stm32f10x_dma.c **** 
 253:Libraries/STM32F10x_StdPeriph_Driver/src/stm32f10x_dma.c **** /**
 254:Libraries/STM32F10x_StdPeriph_Driver/src/stm32f10x_dma.c ****   * @brief  Fills each DMA_InitStruct member with its default value.
 255:Libraries/STM32F10x_StdPeriph_Driver/src/stm32f10x_dma.c ****   * @param  DMA_InitStruct : pointer to a DMA_InitTypeDef structure which will
 256:Libraries/STM32F10x_StdPeriph_Driver/src/stm32f10x_dma.c ****   *   be initialized.
 257:Libraries/STM32F10x_StdPeriph_Driver/src/stm32f10x_dma.c ****   * @retval None
 258:Libraries/STM32F10x_StdPeriph_Driver/src/stm32f10x_dma.c ****   */
 259:Libraries/STM32F10x_StdPeriph_Driver/src/stm32f10x_dma.c **** void DMA_StructInit(DMA_InitTypeDef* DMA_InitStruct)
 260:Libraries/STM32F10x_StdPeriph_Driver/src/stm32f10x_dma.c **** {
 261              		.loc 1 260 0
 262              		.cfi_startproc
 263              		@ args = 0, pretend = 0, frame = 0
 264              		@ frame_needed = 0, uses_anonymous_args = 0
 265              		@ link register save eliminated.
 266              	.LVL8:
 261:Libraries/STM32F10x_StdPeriph_Driver/src/stm32f10x_dma.c **** /*-------------- Reset DMA init structure parameters values ------------------*/
 262:Libraries/STM32F10x_StdPeriph_Driver/src/stm32f10x_dma.c ****   /* Initialize the DMA_PeripheralBaseAddr member */
 263:Libraries/STM32F10x_StdPeriph_Driver/src/stm32f10x_dma.c ****   DMA_InitStruct->DMA_PeripheralBaseAddr = 0;
 267              		.loc 1 263 0
 268 0000 0023     		movs	r3, #0
 269 0002 0360     		str	r3, [r0]
 264:Libraries/STM32F10x_StdPeriph_Driver/src/stm32f10x_dma.c ****   /* Initialize the DMA_MemoryBaseAddr member */
 265:Libraries/STM32F10x_StdPeriph_Driver/src/stm32f10x_dma.c ****   DMA_InitStruct->DMA_MemoryBaseAddr = 0;
 270              		.loc 1 265 0
 271 0004 4360     		str	r3, [r0, #4]
 266:Libraries/STM32F10x_StdPeriph_Driver/src/stm32f10x_dma.c ****   /* Initialize the DMA_DIR member */
 267:Libraries/STM32F10x_StdPeriph_Driver/src/stm32f10x_dma.c ****   DMA_InitStruct->DMA_DIR = DMA_DIR_PeripheralSRC;
 272              		.loc 1 267 0
 273 0006 8360     		str	r3, [r0, #8]
 268:Libraries/STM32F10x_StdPeriph_Driver/src/stm32f10x_dma.c ****   /* Initialize the DMA_BufferSize member */
 269:Libraries/STM32F10x_StdPeriph_Driver/src/stm32f10x_dma.c ****   DMA_InitStruct->DMA_BufferSize = 0;
 274              		.loc 1 269 0
 275 0008 C360     		str	r3, [r0, #12]
 270:Libraries/STM32F10x_StdPeriph_Driver/src/stm32f10x_dma.c ****   /* Initialize the DMA_PeripheralInc member */
 271:Libraries/STM32F10x_StdPeriph_Driver/src/stm32f10x_dma.c ****   DMA_InitStruct->DMA_PeripheralInc = DMA_PeripheralInc_Disable;
 276              		.loc 1 271 0
 277 000a 0361     		str	r3, [r0, #16]
 272:Libraries/STM32F10x_StdPeriph_Driver/src/stm32f10x_dma.c ****   /* Initialize the DMA_MemoryInc member */
 273:Libraries/STM32F10x_StdPeriph_Driver/src/stm32f10x_dma.c ****   DMA_InitStruct->DMA_MemoryInc = DMA_MemoryInc_Disable;
 278              		.loc 1 273 0
 279 000c 4361     		str	r3, [r0, #20]
 274:Libraries/STM32F10x_StdPeriph_Driver/src/stm32f10x_dma.c ****   /* Initialize the DMA_PeripheralDataSize member */
 275:Libraries/STM32F10x_StdPeriph_Driver/src/stm32f10x_dma.c ****   DMA_InitStruct->DMA_PeripheralDataSize = DMA_PeripheralDataSize_Byte;
 280              		.loc 1 275 0
 281 000e 8361     		str	r3, [r0, #24]
 276:Libraries/STM32F10x_StdPeriph_Driver/src/stm32f10x_dma.c ****   /* Initialize the DMA_MemoryDataSize member */
 277:Libraries/STM32F10x_StdPeriph_Driver/src/stm32f10x_dma.c ****   DMA_InitStruct->DMA_MemoryDataSize = DMA_MemoryDataSize_Byte;
 282              		.loc 1 277 0
 283 0010 C361     		str	r3, [r0, #28]
 278:Libraries/STM32F10x_StdPeriph_Driver/src/stm32f10x_dma.c ****   /* Initialize the DMA_Mode member */
 279:Libraries/STM32F10x_StdPeriph_Driver/src/stm32f10x_dma.c ****   DMA_InitStruct->DMA_Mode = DMA_Mode_Normal;
 284              		.loc 1 279 0
 285 0012 0362     		str	r3, [r0, #32]
 280:Libraries/STM32F10x_StdPeriph_Driver/src/stm32f10x_dma.c ****   /* Initialize the DMA_Priority member */
 281:Libraries/STM32F10x_StdPeriph_Driver/src/stm32f10x_dma.c ****   DMA_InitStruct->DMA_Priority = DMA_Priority_Low;
 286              		.loc 1 281 0
 287 0014 4362     		str	r3, [r0, #36]
 282:Libraries/STM32F10x_StdPeriph_Driver/src/stm32f10x_dma.c ****   /* Initialize the DMA_M2M member */
 283:Libraries/STM32F10x_StdPeriph_Driver/src/stm32f10x_dma.c ****   DMA_InitStruct->DMA_M2M = DMA_M2M_Disable;
 288              		.loc 1 283 0
 289 0016 8362     		str	r3, [r0, #40]
 290 0018 7047     		bx	lr
 291              		.cfi_endproc
 292              	.LFE31:
 294              		.section	.text.DMA_Cmd,"ax",%progbits
 295              		.align	1
 296              		.global	DMA_Cmd
 297              		.thumb
 298              		.thumb_func
 300              	DMA_Cmd:
 301              	.LFB32:
 284:Libraries/STM32F10x_StdPeriph_Driver/src/stm32f10x_dma.c **** }
 285:Libraries/STM32F10x_StdPeriph_Driver/src/stm32f10x_dma.c **** 
 286:Libraries/STM32F10x_StdPeriph_Driver/src/stm32f10x_dma.c **** /**
 287:Libraries/STM32F10x_StdPeriph_Driver/src/stm32f10x_dma.c ****   * @brief  Enables or disables the specified DMAy Channelx.
 288:Libraries/STM32F10x_StdPeriph_Driver/src/stm32f10x_dma.c ****   * @param  DMAy_Channelx: where y can be 1 or 2 to select the DMA and 
 289:Libraries/STM32F10x_StdPeriph_Driver/src/stm32f10x_dma.c ****   *   x can be 1 to 7 for DMA1 and 1 to 5 for DMA2 to select the DMA Channel.
 290:Libraries/STM32F10x_StdPeriph_Driver/src/stm32f10x_dma.c ****   * @param  NewState: new state of the DMAy Channelx. 
 291:Libraries/STM32F10x_StdPeriph_Driver/src/stm32f10x_dma.c ****   *   This parameter can be: ENABLE or DISABLE.
 292:Libraries/STM32F10x_StdPeriph_Driver/src/stm32f10x_dma.c ****   * @retval None
 293:Libraries/STM32F10x_StdPeriph_Driver/src/stm32f10x_dma.c ****   */
 294:Libraries/STM32F10x_StdPeriph_Driver/src/stm32f10x_dma.c **** void DMA_Cmd(DMA_Channel_TypeDef* DMAy_Channelx, FunctionalState NewState)
 295:Libraries/STM32F10x_StdPeriph_Driver/src/stm32f10x_dma.c **** {
 302              		.loc 1 295 0
 303              		.cfi_startproc
 304              		@ args = 0, pretend = 0, frame = 0
 305              		@ frame_needed = 0, uses_anonymous_args = 0
 306              		@ link register save eliminated.
 307              	.LVL9:
 296:Libraries/STM32F10x_StdPeriph_Driver/src/stm32f10x_dma.c ****   /* Check the parameters */
 297:Libraries/STM32F10x_StdPeriph_Driver/src/stm32f10x_dma.c ****   assert_param(IS_DMA_ALL_PERIPH(DMAy_Channelx));
 298:Libraries/STM32F10x_StdPeriph_Driver/src/stm32f10x_dma.c ****   assert_param(IS_FUNCTIONAL_STATE(NewState));
 299:Libraries/STM32F10x_StdPeriph_Driver/src/stm32f10x_dma.c **** 
 300:Libraries/STM32F10x_StdPeriph_Driver/src/stm32f10x_dma.c ****   if (NewState != DISABLE)
 301:Libraries/STM32F10x_StdPeriph_Driver/src/stm32f10x_dma.c ****   {
 302:Libraries/STM32F10x_StdPeriph_Driver/src/stm32f10x_dma.c ****     /* Enable the selected DMAy Channelx */
 303:Libraries/STM32F10x_StdPeriph_Driver/src/stm32f10x_dma.c ****     DMAy_Channelx->CCR |= CCR_ENABLE_Set;
 308              		.loc 1 303 0
 309 0000 0368     		ldr	r3, [r0]
 300:Libraries/STM32F10x_StdPeriph_Driver/src/stm32f10x_dma.c ****   {
 310              		.loc 1 300 0
 311 0002 11B1     		cbz	r1, .L26
 312              		.loc 1 303 0
 313 0004 43F00103 		orr	r3, r3, #1
 314 0008 01E0     		b	.L28
 315              	.L26:
 304:Libraries/STM32F10x_StdPeriph_Driver/src/stm32f10x_dma.c ****   }
 305:Libraries/STM32F10x_StdPeriph_Driver/src/stm32f10x_dma.c ****   else
 306:Libraries/STM32F10x_StdPeriph_Driver/src/stm32f10x_dma.c ****   {
 307:Libraries/STM32F10x_StdPeriph_Driver/src/stm32f10x_dma.c ****     /* Disable the selected DMAy Channelx */
 308:Libraries/STM32F10x_StdPeriph_Driver/src/stm32f10x_dma.c ****     DMAy_Channelx->CCR &= CCR_ENABLE_Reset;
 316              		.loc 1 308 0
 317 000a 23F00103 		bic	r3, r3, #1
 318              	.L28:
 319 000e 0360     		str	r3, [r0]
 320 0010 7047     		bx	lr
 321              		.cfi_endproc
 322              	.LFE32:
 324              		.section	.text.DMA_ITConfig,"ax",%progbits
 325              		.align	1
 326              		.global	DMA_ITConfig
 327              		.thumb
 328              		.thumb_func
 330              	DMA_ITConfig:
 331              	.LFB33:
 309:Libraries/STM32F10x_StdPeriph_Driver/src/stm32f10x_dma.c ****   }
 310:Libraries/STM32F10x_StdPeriph_Driver/src/stm32f10x_dma.c **** }
 311:Libraries/STM32F10x_StdPeriph_Driver/src/stm32f10x_dma.c **** 
 312:Libraries/STM32F10x_StdPeriph_Driver/src/stm32f10x_dma.c **** /**
 313:Libraries/STM32F10x_StdPeriph_Driver/src/stm32f10x_dma.c ****   * @brief  Enables or disables the specified DMAy Channelx interrupts.
 314:Libraries/STM32F10x_StdPeriph_Driver/src/stm32f10x_dma.c ****   * @param  DMAy_Channelx: where y can be 1 or 2 to select the DMA and 
 315:Libraries/STM32F10x_StdPeriph_Driver/src/stm32f10x_dma.c ****   *   x can be 1 to 7 for DMA1 and 1 to 5 for DMA2 to select the DMA Channel.
 316:Libraries/STM32F10x_StdPeriph_Driver/src/stm32f10x_dma.c ****   * @param  DMA_IT: specifies the DMA interrupts sources to be enabled
 317:Libraries/STM32F10x_StdPeriph_Driver/src/stm32f10x_dma.c ****   *   or disabled. 
 318:Libraries/STM32F10x_StdPeriph_Driver/src/stm32f10x_dma.c ****   *   This parameter can be any combination of the following values:
 319:Libraries/STM32F10x_StdPeriph_Driver/src/stm32f10x_dma.c ****   *     @arg DMA_IT_TC:  Transfer complete interrupt mask
 320:Libraries/STM32F10x_StdPeriph_Driver/src/stm32f10x_dma.c ****   *     @arg DMA_IT_HT:  Half transfer interrupt mask
 321:Libraries/STM32F10x_StdPeriph_Driver/src/stm32f10x_dma.c ****   *     @arg DMA_IT_TE:  Transfer error interrupt mask
 322:Libraries/STM32F10x_StdPeriph_Driver/src/stm32f10x_dma.c ****   * @param  NewState: new state of the specified DMA interrupts.
 323:Libraries/STM32F10x_StdPeriph_Driver/src/stm32f10x_dma.c ****   *   This parameter can be: ENABLE or DISABLE.
 324:Libraries/STM32F10x_StdPeriph_Driver/src/stm32f10x_dma.c ****   * @retval None
 325:Libraries/STM32F10x_StdPeriph_Driver/src/stm32f10x_dma.c ****   */
 326:Libraries/STM32F10x_StdPeriph_Driver/src/stm32f10x_dma.c **** void DMA_ITConfig(DMA_Channel_TypeDef* DMAy_Channelx, uint32_t DMA_IT, FunctionalState NewState)
 327:Libraries/STM32F10x_StdPeriph_Driver/src/stm32f10x_dma.c **** {
 332              		.loc 1 327 0
 333              		.cfi_startproc
 334              		@ args = 0, pretend = 0, frame = 0
 335              		@ frame_needed = 0, uses_anonymous_args = 0
 336              		@ link register save eliminated.
 337              	.LVL10:
 328:Libraries/STM32F10x_StdPeriph_Driver/src/stm32f10x_dma.c ****   /* Check the parameters */
 329:Libraries/STM32F10x_StdPeriph_Driver/src/stm32f10x_dma.c ****   assert_param(IS_DMA_ALL_PERIPH(DMAy_Channelx));
 330:Libraries/STM32F10x_StdPeriph_Driver/src/stm32f10x_dma.c ****   assert_param(IS_DMA_CONFIG_IT(DMA_IT));
 331:Libraries/STM32F10x_StdPeriph_Driver/src/stm32f10x_dma.c ****   assert_param(IS_FUNCTIONAL_STATE(NewState));
 332:Libraries/STM32F10x_StdPeriph_Driver/src/stm32f10x_dma.c ****   if (NewState != DISABLE)
 333:Libraries/STM32F10x_StdPeriph_Driver/src/stm32f10x_dma.c ****   {
 334:Libraries/STM32F10x_StdPeriph_Driver/src/stm32f10x_dma.c ****     /* Enable the selected DMA interrupts */
 335:Libraries/STM32F10x_StdPeriph_Driver/src/stm32f10x_dma.c ****     DMAy_Channelx->CCR |= DMA_IT;
 338              		.loc 1 335 0
 339 0000 0368     		ldr	r3, [r0]
 332:Libraries/STM32F10x_StdPeriph_Driver/src/stm32f10x_dma.c ****   {
 340              		.loc 1 332 0
 341 0002 0AB1     		cbz	r2, .L30
 342              		.loc 1 335 0
 343 0004 1943     		orrs	r1, r1, r3
 344              	.LVL11:
 345 0006 01E0     		b	.L32
 346              	.LVL12:
 347              	.L30:
 336:Libraries/STM32F10x_StdPeriph_Driver/src/stm32f10x_dma.c ****   }
 337:Libraries/STM32F10x_StdPeriph_Driver/src/stm32f10x_dma.c ****   else
 338:Libraries/STM32F10x_StdPeriph_Driver/src/stm32f10x_dma.c ****   {
 339:Libraries/STM32F10x_StdPeriph_Driver/src/stm32f10x_dma.c ****     /* Disable the selected DMA interrupts */
 340:Libraries/STM32F10x_StdPeriph_Driver/src/stm32f10x_dma.c ****     DMAy_Channelx->CCR &= ~DMA_IT;
 348              		.loc 1 340 0
 349 0008 23EA0101 		bic	r1, r3, r1
 350              	.LVL13:
 351              	.L32:
 352 000c 0160     		str	r1, [r0]
 353 000e 7047     		bx	lr
 354              		.cfi_endproc
 355              	.LFE33:
 357              		.section	.text.DMA_GetCurrDataCounter,"ax",%progbits
 358              		.align	1
 359              		.global	DMA_GetCurrDataCounter
 360              		.thumb
 361              		.thumb_func
 363              	DMA_GetCurrDataCounter:
 364              	.LFB34:
 341:Libraries/STM32F10x_StdPeriph_Driver/src/stm32f10x_dma.c ****   }
 342:Libraries/STM32F10x_StdPeriph_Driver/src/stm32f10x_dma.c **** }
 343:Libraries/STM32F10x_StdPeriph_Driver/src/stm32f10x_dma.c **** 
 344:Libraries/STM32F10x_StdPeriph_Driver/src/stm32f10x_dma.c **** /**
 345:Libraries/STM32F10x_StdPeriph_Driver/src/stm32f10x_dma.c ****   * @brief  Returns the number of remaining data units in the current
 346:Libraries/STM32F10x_StdPeriph_Driver/src/stm32f10x_dma.c ****   *   DMAy Channelx transfer.
 347:Libraries/STM32F10x_StdPeriph_Driver/src/stm32f10x_dma.c ****   * @param  DMAy_Channelx: where y can be 1 or 2 to select the DMA and 
 348:Libraries/STM32F10x_StdPeriph_Driver/src/stm32f10x_dma.c ****   *   x can be 1 to 7 for DMA1 and 1 to 5 for DMA2 to select the DMA Channel.
 349:Libraries/STM32F10x_StdPeriph_Driver/src/stm32f10x_dma.c ****   * @retval The number of remaining data units in the current DMAy Channelx
 350:Libraries/STM32F10x_StdPeriph_Driver/src/stm32f10x_dma.c ****   *   transfer.
 351:Libraries/STM32F10x_StdPeriph_Driver/src/stm32f10x_dma.c ****   */
 352:Libraries/STM32F10x_StdPeriph_Driver/src/stm32f10x_dma.c **** uint16_t DMA_GetCurrDataCounter(DMA_Channel_TypeDef* DMAy_Channelx)
 353:Libraries/STM32F10x_StdPeriph_Driver/src/stm32f10x_dma.c **** {
 365              		.loc 1 353 0
 366              		.cfi_startproc
 367              		@ args = 0, pretend = 0, frame = 0
 368              		@ frame_needed = 0, uses_anonymous_args = 0
 369              		@ link register save eliminated.
 370              	.LVL14:
 354:Libraries/STM32F10x_StdPeriph_Driver/src/stm32f10x_dma.c ****   /* Check the parameters */
 355:Libraries/STM32F10x_StdPeriph_Driver/src/stm32f10x_dma.c ****   assert_param(IS_DMA_ALL_PERIPH(DMAy_Channelx));
 356:Libraries/STM32F10x_StdPeriph_Driver/src/stm32f10x_dma.c ****   /* Return the number of remaining data units for DMAy Channelx */
 357:Libraries/STM32F10x_StdPeriph_Driver/src/stm32f10x_dma.c ****   return ((uint16_t)(DMAy_Channelx->CNDTR));
 371              		.loc 1 357 0
 372 0000 4068     		ldr	r0, [r0, #4]
 373              	.LVL15:
 358:Libraries/STM32F10x_StdPeriph_Driver/src/stm32f10x_dma.c **** }
 374              		.loc 1 358 0
 375 0002 80B2     		uxth	r0, r0
 376 0004 7047     		bx	lr
 377              		.cfi_endproc
 378              	.LFE34:
 380              		.section	.text.DMA_GetFlagStatus,"ax",%progbits
 381              		.align	1
 382              		.global	DMA_GetFlagStatus
 383              		.thumb
 384              		.thumb_func
 386              	DMA_GetFlagStatus:
 387              	.LFB35:
 359:Libraries/STM32F10x_StdPeriph_Driver/src/stm32f10x_dma.c **** 
 360:Libraries/STM32F10x_StdPeriph_Driver/src/stm32f10x_dma.c **** /**
 361:Libraries/STM32F10x_StdPeriph_Driver/src/stm32f10x_dma.c ****   * @brief  Checks whether the specified DMAy Channelx flag is set or not.
 362:Libraries/STM32F10x_StdPeriph_Driver/src/stm32f10x_dma.c ****   * @param  DMA_FLAG: specifies the flag to check.
 363:Libraries/STM32F10x_StdPeriph_Driver/src/stm32f10x_dma.c ****   *   This parameter can be one of the following values:
 364:Libraries/STM32F10x_StdPeriph_Driver/src/stm32f10x_dma.c ****   *     @arg DMA1_FLAG_GL1: DMA1 Channel1 global flag.
 365:Libraries/STM32F10x_StdPeriph_Driver/src/stm32f10x_dma.c ****   *     @arg DMA1_FLAG_TC1: DMA1 Channel1 transfer complete flag.
 366:Libraries/STM32F10x_StdPeriph_Driver/src/stm32f10x_dma.c ****   *     @arg DMA1_FLAG_HT1: DMA1 Channel1 half transfer flag.
 367:Libraries/STM32F10x_StdPeriph_Driver/src/stm32f10x_dma.c ****   *     @arg DMA1_FLAG_TE1: DMA1 Channel1 transfer error flag.
 368:Libraries/STM32F10x_StdPeriph_Driver/src/stm32f10x_dma.c ****   *     @arg DMA1_FLAG_GL2: DMA1 Channel2 global flag.
 369:Libraries/STM32F10x_StdPeriph_Driver/src/stm32f10x_dma.c ****   *     @arg DMA1_FLAG_TC2: DMA1 Channel2 transfer complete flag.
 370:Libraries/STM32F10x_StdPeriph_Driver/src/stm32f10x_dma.c ****   *     @arg DMA1_FLAG_HT2: DMA1 Channel2 half transfer flag.
 371:Libraries/STM32F10x_StdPeriph_Driver/src/stm32f10x_dma.c ****   *     @arg DMA1_FLAG_TE2: DMA1 Channel2 transfer error flag.
 372:Libraries/STM32F10x_StdPeriph_Driver/src/stm32f10x_dma.c ****   *     @arg DMA1_FLAG_GL3: DMA1 Channel3 global flag.
 373:Libraries/STM32F10x_StdPeriph_Driver/src/stm32f10x_dma.c ****   *     @arg DMA1_FLAG_TC3: DMA1 Channel3 transfer complete flag.
 374:Libraries/STM32F10x_StdPeriph_Driver/src/stm32f10x_dma.c ****   *     @arg DMA1_FLAG_HT3: DMA1 Channel3 half transfer flag.
 375:Libraries/STM32F10x_StdPeriph_Driver/src/stm32f10x_dma.c ****   *     @arg DMA1_FLAG_TE3: DMA1 Channel3 transfer error flag.
 376:Libraries/STM32F10x_StdPeriph_Driver/src/stm32f10x_dma.c ****   *     @arg DMA1_FLAG_GL4: DMA1 Channel4 global flag.
 377:Libraries/STM32F10x_StdPeriph_Driver/src/stm32f10x_dma.c ****   *     @arg DMA1_FLAG_TC4: DMA1 Channel4 transfer complete flag.
 378:Libraries/STM32F10x_StdPeriph_Driver/src/stm32f10x_dma.c ****   *     @arg DMA1_FLAG_HT4: DMA1 Channel4 half transfer flag.
 379:Libraries/STM32F10x_StdPeriph_Driver/src/stm32f10x_dma.c ****   *     @arg DMA1_FLAG_TE4: DMA1 Channel4 transfer error flag.
 380:Libraries/STM32F10x_StdPeriph_Driver/src/stm32f10x_dma.c ****   *     @arg DMA1_FLAG_GL5: DMA1 Channel5 global flag.
 381:Libraries/STM32F10x_StdPeriph_Driver/src/stm32f10x_dma.c ****   *     @arg DMA1_FLAG_TC5: DMA1 Channel5 transfer complete flag.
 382:Libraries/STM32F10x_StdPeriph_Driver/src/stm32f10x_dma.c ****   *     @arg DMA1_FLAG_HT5: DMA1 Channel5 half transfer flag.
 383:Libraries/STM32F10x_StdPeriph_Driver/src/stm32f10x_dma.c ****   *     @arg DMA1_FLAG_TE5: DMA1 Channel5 transfer error flag.
 384:Libraries/STM32F10x_StdPeriph_Driver/src/stm32f10x_dma.c ****   *     @arg DMA1_FLAG_GL6: DMA1 Channel6 global flag.
 385:Libraries/STM32F10x_StdPeriph_Driver/src/stm32f10x_dma.c ****   *     @arg DMA1_FLAG_TC6: DMA1 Channel6 transfer complete flag.
 386:Libraries/STM32F10x_StdPeriph_Driver/src/stm32f10x_dma.c ****   *     @arg DMA1_FLAG_HT6: DMA1 Channel6 half transfer flag.
 387:Libraries/STM32F10x_StdPeriph_Driver/src/stm32f10x_dma.c ****   *     @arg DMA1_FLAG_TE6: DMA1 Channel6 transfer error flag.
 388:Libraries/STM32F10x_StdPeriph_Driver/src/stm32f10x_dma.c ****   *     @arg DMA1_FLAG_GL7: DMA1 Channel7 global flag.
 389:Libraries/STM32F10x_StdPeriph_Driver/src/stm32f10x_dma.c ****   *     @arg DMA1_FLAG_TC7: DMA1 Channel7 transfer complete flag.
 390:Libraries/STM32F10x_StdPeriph_Driver/src/stm32f10x_dma.c ****   *     @arg DMA1_FLAG_HT7: DMA1 Channel7 half transfer flag.
 391:Libraries/STM32F10x_StdPeriph_Driver/src/stm32f10x_dma.c ****   *     @arg DMA1_FLAG_TE7: DMA1 Channel7 transfer error flag.
 392:Libraries/STM32F10x_StdPeriph_Driver/src/stm32f10x_dma.c ****   *     @arg DMA2_FLAG_GL1: DMA2 Channel1 global flag.
 393:Libraries/STM32F10x_StdPeriph_Driver/src/stm32f10x_dma.c ****   *     @arg DMA2_FLAG_TC1: DMA2 Channel1 transfer complete flag.
 394:Libraries/STM32F10x_StdPeriph_Driver/src/stm32f10x_dma.c ****   *     @arg DMA2_FLAG_HT1: DMA2 Channel1 half transfer flag.
 395:Libraries/STM32F10x_StdPeriph_Driver/src/stm32f10x_dma.c ****   *     @arg DMA2_FLAG_TE1: DMA2 Channel1 transfer error flag.
 396:Libraries/STM32F10x_StdPeriph_Driver/src/stm32f10x_dma.c ****   *     @arg DMA2_FLAG_GL2: DMA2 Channel2 global flag.
 397:Libraries/STM32F10x_StdPeriph_Driver/src/stm32f10x_dma.c ****   *     @arg DMA2_FLAG_TC2: DMA2 Channel2 transfer complete flag.
 398:Libraries/STM32F10x_StdPeriph_Driver/src/stm32f10x_dma.c ****   *     @arg DMA2_FLAG_HT2: DMA2 Channel2 half transfer flag.
 399:Libraries/STM32F10x_StdPeriph_Driver/src/stm32f10x_dma.c ****   *     @arg DMA2_FLAG_TE2: DMA2 Channel2 transfer error flag.
 400:Libraries/STM32F10x_StdPeriph_Driver/src/stm32f10x_dma.c ****   *     @arg DMA2_FLAG_GL3: DMA2 Channel3 global flag.
 401:Libraries/STM32F10x_StdPeriph_Driver/src/stm32f10x_dma.c ****   *     @arg DMA2_FLAG_TC3: DMA2 Channel3 transfer complete flag.
 402:Libraries/STM32F10x_StdPeriph_Driver/src/stm32f10x_dma.c ****   *     @arg DMA2_FLAG_HT3: DMA2 Channel3 half transfer flag.
 403:Libraries/STM32F10x_StdPeriph_Driver/src/stm32f10x_dma.c ****   *     @arg DMA2_FLAG_TE3: DMA2 Channel3 transfer error flag.
 404:Libraries/STM32F10x_StdPeriph_Driver/src/stm32f10x_dma.c ****   *     @arg DMA2_FLAG_GL4: DMA2 Channel4 global flag.
 405:Libraries/STM32F10x_StdPeriph_Driver/src/stm32f10x_dma.c ****   *     @arg DMA2_FLAG_TC4: DMA2 Channel4 transfer complete flag.
 406:Libraries/STM32F10x_StdPeriph_Driver/src/stm32f10x_dma.c ****   *     @arg DMA2_FLAG_HT4: DMA2 Channel4 half transfer flag.
 407:Libraries/STM32F10x_StdPeriph_Driver/src/stm32f10x_dma.c ****   *     @arg DMA2_FLAG_TE4: DMA2 Channel4 transfer error flag.
 408:Libraries/STM32F10x_StdPeriph_Driver/src/stm32f10x_dma.c ****   *     @arg DMA2_FLAG_GL5: DMA2 Channel5 global flag.
 409:Libraries/STM32F10x_StdPeriph_Driver/src/stm32f10x_dma.c ****   *     @arg DMA2_FLAG_TC5: DMA2 Channel5 transfer complete flag.
 410:Libraries/STM32F10x_StdPeriph_Driver/src/stm32f10x_dma.c ****   *     @arg DMA2_FLAG_HT5: DMA2 Channel5 half transfer flag.
 411:Libraries/STM32F10x_StdPeriph_Driver/src/stm32f10x_dma.c ****   *     @arg DMA2_FLAG_TE5: DMA2 Channel5 transfer error flag.
 412:Libraries/STM32F10x_StdPeriph_Driver/src/stm32f10x_dma.c ****   * @retval The new state of DMA_FLAG (SET or RESET).
 413:Libraries/STM32F10x_StdPeriph_Driver/src/stm32f10x_dma.c ****   */
 414:Libraries/STM32F10x_StdPeriph_Driver/src/stm32f10x_dma.c **** FlagStatus DMA_GetFlagStatus(uint32_t DMA_FLAG)
 415:Libraries/STM32F10x_StdPeriph_Driver/src/stm32f10x_dma.c **** {
 388              		.loc 1 415 0
 389              		.cfi_startproc
 390              		@ args = 0, pretend = 0, frame = 0
 391              		@ frame_needed = 0, uses_anonymous_args = 0
 392              		@ link register save eliminated.
 393              	.LVL16:
 416:Libraries/STM32F10x_StdPeriph_Driver/src/stm32f10x_dma.c ****   FlagStatus bitstatus = RESET;
 417:Libraries/STM32F10x_StdPeriph_Driver/src/stm32f10x_dma.c ****   uint32_t tmpreg = 0;
 418:Libraries/STM32F10x_StdPeriph_Driver/src/stm32f10x_dma.c ****   /* Check the parameters */
 419:Libraries/STM32F10x_StdPeriph_Driver/src/stm32f10x_dma.c ****   assert_param(IS_DMA_GET_FLAG(DMA_FLAG));
 420:Libraries/STM32F10x_StdPeriph_Driver/src/stm32f10x_dma.c **** 
 421:Libraries/STM32F10x_StdPeriph_Driver/src/stm32f10x_dma.c ****   /* Calculate the used DMA */
 422:Libraries/STM32F10x_StdPeriph_Driver/src/stm32f10x_dma.c ****   if ((DMA_FLAG & FLAG_Mask) != (uint32_t)RESET)
 394              		.loc 1 422 0
 395 0000 C300     		lsls	r3, r0, #3
 423:Libraries/STM32F10x_StdPeriph_Driver/src/stm32f10x_dma.c ****   {
 424:Libraries/STM32F10x_StdPeriph_Driver/src/stm32f10x_dma.c ****     /* Get DMA2 ISR register value */
 425:Libraries/STM32F10x_StdPeriph_Driver/src/stm32f10x_dma.c ****     tmpreg = DMA2->ISR ;
 396              		.loc 1 425 0
 397 0002 4CBF     		ite	mi
 398 0004 034B     		ldrmi	r3, .L38
 426:Libraries/STM32F10x_StdPeriph_Driver/src/stm32f10x_dma.c ****   }
 427:Libraries/STM32F10x_StdPeriph_Driver/src/stm32f10x_dma.c ****   else
 428:Libraries/STM32F10x_StdPeriph_Driver/src/stm32f10x_dma.c ****   {
 429:Libraries/STM32F10x_StdPeriph_Driver/src/stm32f10x_dma.c ****     /* Get DMA1 ISR register value */
 430:Libraries/STM32F10x_StdPeriph_Driver/src/stm32f10x_dma.c ****     tmpreg = DMA1->ISR ;
 399              		.loc 1 430 0
 400 0006 044B     		ldrpl	r3, .L38+4
 401 0008 1B68     		ldr	r3, [r3]
 402              	.LVL17:
 431:Libraries/STM32F10x_StdPeriph_Driver/src/stm32f10x_dma.c ****   }
 432:Libraries/STM32F10x_StdPeriph_Driver/src/stm32f10x_dma.c **** 
 433:Libraries/STM32F10x_StdPeriph_Driver/src/stm32f10x_dma.c ****   /* Check the status of the specified DMA flag */
 434:Libraries/STM32F10x_StdPeriph_Driver/src/stm32f10x_dma.c ****   if ((tmpreg & DMA_FLAG) != (uint32_t)RESET)
 403              		.loc 1 434 0
 404 000a 0342     		tst	r3, r0
 435:Libraries/STM32F10x_StdPeriph_Driver/src/stm32f10x_dma.c ****   {
 436:Libraries/STM32F10x_StdPeriph_Driver/src/stm32f10x_dma.c ****     /* DMA_FLAG is set */
 437:Libraries/STM32F10x_StdPeriph_Driver/src/stm32f10x_dma.c ****     bitstatus = SET;
 438:Libraries/STM32F10x_StdPeriph_Driver/src/stm32f10x_dma.c ****   }
 439:Libraries/STM32F10x_StdPeriph_Driver/src/stm32f10x_dma.c ****   else
 440:Libraries/STM32F10x_StdPeriph_Driver/src/stm32f10x_dma.c ****   {
 441:Libraries/STM32F10x_StdPeriph_Driver/src/stm32f10x_dma.c ****     /* DMA_FLAG is reset */
 442:Libraries/STM32F10x_StdPeriph_Driver/src/stm32f10x_dma.c ****     bitstatus = RESET;
 443:Libraries/STM32F10x_StdPeriph_Driver/src/stm32f10x_dma.c ****   }
 444:Libraries/STM32F10x_StdPeriph_Driver/src/stm32f10x_dma.c ****   
 445:Libraries/STM32F10x_StdPeriph_Driver/src/stm32f10x_dma.c ****   /* Return the DMA_FLAG status */
 446:Libraries/STM32F10x_StdPeriph_Driver/src/stm32f10x_dma.c ****   return  bitstatus;
 447:Libraries/STM32F10x_StdPeriph_Driver/src/stm32f10x_dma.c **** }
 405              		.loc 1 447 0
 406 000c 14BF     		ite	ne
 407 000e 0120     		movne	r0, #1
 408              	.LVL18:
 409 0010 0020     		moveq	r0, #0
 410 0012 7047     		bx	lr
 411              	.L39:
 412              		.align	2
 413              	.L38:
 414 0014 00040240 		.word	1073873920
 415 0018 00000240 		.word	1073872896
 416              		.cfi_endproc
 417              	.LFE35:
 419              		.section	.text.DMA_ClearFlag,"ax",%progbits
 420              		.align	1
 421              		.global	DMA_ClearFlag
 422              		.thumb
 423              		.thumb_func
 425              	DMA_ClearFlag:
 426              	.LFB36:
 448:Libraries/STM32F10x_StdPeriph_Driver/src/stm32f10x_dma.c **** 
 449:Libraries/STM32F10x_StdPeriph_Driver/src/stm32f10x_dma.c **** /**
 450:Libraries/STM32F10x_StdPeriph_Driver/src/stm32f10x_dma.c ****   * @brief  Clears the DMAy Channelx's pending flags.
 451:Libraries/STM32F10x_StdPeriph_Driver/src/stm32f10x_dma.c ****   * @param  DMA_FLAG: specifies the flag to clear.
 452:Libraries/STM32F10x_StdPeriph_Driver/src/stm32f10x_dma.c ****   *   This parameter can be any combination (for the same DMA) of the following values:
 453:Libraries/STM32F10x_StdPeriph_Driver/src/stm32f10x_dma.c ****   *     @arg DMA1_FLAG_GL1: DMA1 Channel1 global flag.
 454:Libraries/STM32F10x_StdPeriph_Driver/src/stm32f10x_dma.c ****   *     @arg DMA1_FLAG_TC1: DMA1 Channel1 transfer complete flag.
 455:Libraries/STM32F10x_StdPeriph_Driver/src/stm32f10x_dma.c ****   *     @arg DMA1_FLAG_HT1: DMA1 Channel1 half transfer flag.
 456:Libraries/STM32F10x_StdPeriph_Driver/src/stm32f10x_dma.c ****   *     @arg DMA1_FLAG_TE1: DMA1 Channel1 transfer error flag.
 457:Libraries/STM32F10x_StdPeriph_Driver/src/stm32f10x_dma.c ****   *     @arg DMA1_FLAG_GL2: DMA1 Channel2 global flag.
 458:Libraries/STM32F10x_StdPeriph_Driver/src/stm32f10x_dma.c ****   *     @arg DMA1_FLAG_TC2: DMA1 Channel2 transfer complete flag.
 459:Libraries/STM32F10x_StdPeriph_Driver/src/stm32f10x_dma.c ****   *     @arg DMA1_FLAG_HT2: DMA1 Channel2 half transfer flag.
 460:Libraries/STM32F10x_StdPeriph_Driver/src/stm32f10x_dma.c ****   *     @arg DMA1_FLAG_TE2: DMA1 Channel2 transfer error flag.
 461:Libraries/STM32F10x_StdPeriph_Driver/src/stm32f10x_dma.c ****   *     @arg DMA1_FLAG_GL3: DMA1 Channel3 global flag.
 462:Libraries/STM32F10x_StdPeriph_Driver/src/stm32f10x_dma.c ****   *     @arg DMA1_FLAG_TC3: DMA1 Channel3 transfer complete flag.
 463:Libraries/STM32F10x_StdPeriph_Driver/src/stm32f10x_dma.c ****   *     @arg DMA1_FLAG_HT3: DMA1 Channel3 half transfer flag.
 464:Libraries/STM32F10x_StdPeriph_Driver/src/stm32f10x_dma.c ****   *     @arg DMA1_FLAG_TE3: DMA1 Channel3 transfer error flag.
 465:Libraries/STM32F10x_StdPeriph_Driver/src/stm32f10x_dma.c ****   *     @arg DMA1_FLAG_GL4: DMA1 Channel4 global flag.
 466:Libraries/STM32F10x_StdPeriph_Driver/src/stm32f10x_dma.c ****   *     @arg DMA1_FLAG_TC4: DMA1 Channel4 transfer complete flag.
 467:Libraries/STM32F10x_StdPeriph_Driver/src/stm32f10x_dma.c ****   *     @arg DMA1_FLAG_HT4: DMA1 Channel4 half transfer flag.
 468:Libraries/STM32F10x_StdPeriph_Driver/src/stm32f10x_dma.c ****   *     @arg DMA1_FLAG_TE4: DMA1 Channel4 transfer error flag.
 469:Libraries/STM32F10x_StdPeriph_Driver/src/stm32f10x_dma.c ****   *     @arg DMA1_FLAG_GL5: DMA1 Channel5 global flag.
 470:Libraries/STM32F10x_StdPeriph_Driver/src/stm32f10x_dma.c ****   *     @arg DMA1_FLAG_TC5: DMA1 Channel5 transfer complete flag.
 471:Libraries/STM32F10x_StdPeriph_Driver/src/stm32f10x_dma.c ****   *     @arg DMA1_FLAG_HT5: DMA1 Channel5 half transfer flag.
 472:Libraries/STM32F10x_StdPeriph_Driver/src/stm32f10x_dma.c ****   *     @arg DMA1_FLAG_TE5: DMA1 Channel5 transfer error flag.
 473:Libraries/STM32F10x_StdPeriph_Driver/src/stm32f10x_dma.c ****   *     @arg DMA1_FLAG_GL6: DMA1 Channel6 global flag.
 474:Libraries/STM32F10x_StdPeriph_Driver/src/stm32f10x_dma.c ****   *     @arg DMA1_FLAG_TC6: DMA1 Channel6 transfer complete flag.
 475:Libraries/STM32F10x_StdPeriph_Driver/src/stm32f10x_dma.c ****   *     @arg DMA1_FLAG_HT6: DMA1 Channel6 half transfer flag.
 476:Libraries/STM32F10x_StdPeriph_Driver/src/stm32f10x_dma.c ****   *     @arg DMA1_FLAG_TE6: DMA1 Channel6 transfer error flag.
 477:Libraries/STM32F10x_StdPeriph_Driver/src/stm32f10x_dma.c ****   *     @arg DMA1_FLAG_GL7: DMA1 Channel7 global flag.
 478:Libraries/STM32F10x_StdPeriph_Driver/src/stm32f10x_dma.c ****   *     @arg DMA1_FLAG_TC7: DMA1 Channel7 transfer complete flag.
 479:Libraries/STM32F10x_StdPeriph_Driver/src/stm32f10x_dma.c ****   *     @arg DMA1_FLAG_HT7: DMA1 Channel7 half transfer flag.
 480:Libraries/STM32F10x_StdPeriph_Driver/src/stm32f10x_dma.c ****   *     @arg DMA1_FLAG_TE7: DMA1 Channel7 transfer error flag.
 481:Libraries/STM32F10x_StdPeriph_Driver/src/stm32f10x_dma.c ****   *     @arg DMA2_FLAG_GL1: DMA2 Channel1 global flag.
 482:Libraries/STM32F10x_StdPeriph_Driver/src/stm32f10x_dma.c ****   *     @arg DMA2_FLAG_TC1: DMA2 Channel1 transfer complete flag.
 483:Libraries/STM32F10x_StdPeriph_Driver/src/stm32f10x_dma.c ****   *     @arg DMA2_FLAG_HT1: DMA2 Channel1 half transfer flag.
 484:Libraries/STM32F10x_StdPeriph_Driver/src/stm32f10x_dma.c ****   *     @arg DMA2_FLAG_TE1: DMA2 Channel1 transfer error flag.
 485:Libraries/STM32F10x_StdPeriph_Driver/src/stm32f10x_dma.c ****   *     @arg DMA2_FLAG_GL2: DMA2 Channel2 global flag.
 486:Libraries/STM32F10x_StdPeriph_Driver/src/stm32f10x_dma.c ****   *     @arg DMA2_FLAG_TC2: DMA2 Channel2 transfer complete flag.
 487:Libraries/STM32F10x_StdPeriph_Driver/src/stm32f10x_dma.c ****   *     @arg DMA2_FLAG_HT2: DMA2 Channel2 half transfer flag.
 488:Libraries/STM32F10x_StdPeriph_Driver/src/stm32f10x_dma.c ****   *     @arg DMA2_FLAG_TE2: DMA2 Channel2 transfer error flag.
 489:Libraries/STM32F10x_StdPeriph_Driver/src/stm32f10x_dma.c ****   *     @arg DMA2_FLAG_GL3: DMA2 Channel3 global flag.
 490:Libraries/STM32F10x_StdPeriph_Driver/src/stm32f10x_dma.c ****   *     @arg DMA2_FLAG_TC3: DMA2 Channel3 transfer complete flag.
 491:Libraries/STM32F10x_StdPeriph_Driver/src/stm32f10x_dma.c ****   *     @arg DMA2_FLAG_HT3: DMA2 Channel3 half transfer flag.
 492:Libraries/STM32F10x_StdPeriph_Driver/src/stm32f10x_dma.c ****   *     @arg DMA2_FLAG_TE3: DMA2 Channel3 transfer error flag.
 493:Libraries/STM32F10x_StdPeriph_Driver/src/stm32f10x_dma.c ****   *     @arg DMA2_FLAG_GL4: DMA2 Channel4 global flag.
 494:Libraries/STM32F10x_StdPeriph_Driver/src/stm32f10x_dma.c ****   *     @arg DMA2_FLAG_TC4: DMA2 Channel4 transfer complete flag.
 495:Libraries/STM32F10x_StdPeriph_Driver/src/stm32f10x_dma.c ****   *     @arg DMA2_FLAG_HT4: DMA2 Channel4 half transfer flag.
 496:Libraries/STM32F10x_StdPeriph_Driver/src/stm32f10x_dma.c ****   *     @arg DMA2_FLAG_TE4: DMA2 Channel4 transfer error flag.
 497:Libraries/STM32F10x_StdPeriph_Driver/src/stm32f10x_dma.c ****   *     @arg DMA2_FLAG_GL5: DMA2 Channel5 global flag.
 498:Libraries/STM32F10x_StdPeriph_Driver/src/stm32f10x_dma.c ****   *     @arg DMA2_FLAG_TC5: DMA2 Channel5 transfer complete flag.
 499:Libraries/STM32F10x_StdPeriph_Driver/src/stm32f10x_dma.c ****   *     @arg DMA2_FLAG_HT5: DMA2 Channel5 half transfer flag.
 500:Libraries/STM32F10x_StdPeriph_Driver/src/stm32f10x_dma.c ****   *     @arg DMA2_FLAG_TE5: DMA2 Channel5 transfer error flag.
 501:Libraries/STM32F10x_StdPeriph_Driver/src/stm32f10x_dma.c ****   * @retval None
 502:Libraries/STM32F10x_StdPeriph_Driver/src/stm32f10x_dma.c ****   */
 503:Libraries/STM32F10x_StdPeriph_Driver/src/stm32f10x_dma.c **** void DMA_ClearFlag(uint32_t DMA_FLAG)
 504:Libraries/STM32F10x_StdPeriph_Driver/src/stm32f10x_dma.c **** {
 427              		.loc 1 504 0
 428              		.cfi_startproc
 429              		@ args = 0, pretend = 0, frame = 0
 430              		@ frame_needed = 0, uses_anonymous_args = 0
 431              		@ link register save eliminated.
 432              	.LVL19:
 505:Libraries/STM32F10x_StdPeriph_Driver/src/stm32f10x_dma.c ****   /* Check the parameters */
 506:Libraries/STM32F10x_StdPeriph_Driver/src/stm32f10x_dma.c ****   assert_param(IS_DMA_CLEAR_FLAG(DMA_FLAG));
 507:Libraries/STM32F10x_StdPeriph_Driver/src/stm32f10x_dma.c ****   /* Calculate the used DMA */
 508:Libraries/STM32F10x_StdPeriph_Driver/src/stm32f10x_dma.c **** 
 509:Libraries/STM32F10x_StdPeriph_Driver/src/stm32f10x_dma.c ****   if ((DMA_FLAG & FLAG_Mask) != (uint32_t)RESET)
 433              		.loc 1 509 0
 434 0000 C300     		lsls	r3, r0, #3
 510:Libraries/STM32F10x_StdPeriph_Driver/src/stm32f10x_dma.c ****   {
 511:Libraries/STM32F10x_StdPeriph_Driver/src/stm32f10x_dma.c ****     /* Clear the selected DMA flags */
 512:Libraries/STM32F10x_StdPeriph_Driver/src/stm32f10x_dma.c ****     DMA2->IFCR = DMA_FLAG;
 435              		.loc 1 512 0
 436 0002 4CBF     		ite	mi
 437 0004 014B     		ldrmi	r3, .L44
 513:Libraries/STM32F10x_StdPeriph_Driver/src/stm32f10x_dma.c ****   }
 514:Libraries/STM32F10x_StdPeriph_Driver/src/stm32f10x_dma.c ****   else
 515:Libraries/STM32F10x_StdPeriph_Driver/src/stm32f10x_dma.c ****   {
 516:Libraries/STM32F10x_StdPeriph_Driver/src/stm32f10x_dma.c ****     /* Clear the selected DMA flags */
 517:Libraries/STM32F10x_StdPeriph_Driver/src/stm32f10x_dma.c ****     DMA1->IFCR = DMA_FLAG;
 438              		.loc 1 517 0
 439 0006 024B     		ldrpl	r3, .L44+4
 440 0008 5860     		str	r0, [r3, #4]
 441 000a 7047     		bx	lr
 442              	.L45:
 443              		.align	2
 444              	.L44:
 445 000c 00040240 		.word	1073873920
 446 0010 00000240 		.word	1073872896
 447              		.cfi_endproc
 448              	.LFE36:
 450              		.section	.text.DMA_GetITStatus,"ax",%progbits
 451              		.align	1
 452              		.global	DMA_GetITStatus
 453              		.thumb
 454              		.thumb_func
 456              	DMA_GetITStatus:
 457              	.LFB37:
 518:Libraries/STM32F10x_StdPeriph_Driver/src/stm32f10x_dma.c ****   }
 519:Libraries/STM32F10x_StdPeriph_Driver/src/stm32f10x_dma.c **** }
 520:Libraries/STM32F10x_StdPeriph_Driver/src/stm32f10x_dma.c **** 
 521:Libraries/STM32F10x_StdPeriph_Driver/src/stm32f10x_dma.c **** /**
 522:Libraries/STM32F10x_StdPeriph_Driver/src/stm32f10x_dma.c ****   * @brief  Checks whether the specified DMAy Channelx interrupt has occurred or not.
 523:Libraries/STM32F10x_StdPeriph_Driver/src/stm32f10x_dma.c ****   * @param  DMA_IT: specifies the DMA interrupt source to check. 
 524:Libraries/STM32F10x_StdPeriph_Driver/src/stm32f10x_dma.c ****   *   This parameter can be one of the following values:
 525:Libraries/STM32F10x_StdPeriph_Driver/src/stm32f10x_dma.c ****   *     @arg DMA1_IT_GL1: DMA1 Channel1 global interrupt.
 526:Libraries/STM32F10x_StdPeriph_Driver/src/stm32f10x_dma.c ****   *     @arg DMA1_IT_TC1: DMA1 Channel1 transfer complete interrupt.
 527:Libraries/STM32F10x_StdPeriph_Driver/src/stm32f10x_dma.c ****   *     @arg DMA1_IT_HT1: DMA1 Channel1 half transfer interrupt.
 528:Libraries/STM32F10x_StdPeriph_Driver/src/stm32f10x_dma.c ****   *     @arg DMA1_IT_TE1: DMA1 Channel1 transfer error interrupt.
 529:Libraries/STM32F10x_StdPeriph_Driver/src/stm32f10x_dma.c ****   *     @arg DMA1_IT_GL2: DMA1 Channel2 global interrupt.
 530:Libraries/STM32F10x_StdPeriph_Driver/src/stm32f10x_dma.c ****   *     @arg DMA1_IT_TC2: DMA1 Channel2 transfer complete interrupt.
 531:Libraries/STM32F10x_StdPeriph_Driver/src/stm32f10x_dma.c ****   *     @arg DMA1_IT_HT2: DMA1 Channel2 half transfer interrupt.
 532:Libraries/STM32F10x_StdPeriph_Driver/src/stm32f10x_dma.c ****   *     @arg DMA1_IT_TE2: DMA1 Channel2 transfer error interrupt.
 533:Libraries/STM32F10x_StdPeriph_Driver/src/stm32f10x_dma.c ****   *     @arg DMA1_IT_GL3: DMA1 Channel3 global interrupt.
 534:Libraries/STM32F10x_StdPeriph_Driver/src/stm32f10x_dma.c ****   *     @arg DMA1_IT_TC3: DMA1 Channel3 transfer complete interrupt.
 535:Libraries/STM32F10x_StdPeriph_Driver/src/stm32f10x_dma.c ****   *     @arg DMA1_IT_HT3: DMA1 Channel3 half transfer interrupt.
 536:Libraries/STM32F10x_StdPeriph_Driver/src/stm32f10x_dma.c ****   *     @arg DMA1_IT_TE3: DMA1 Channel3 transfer error interrupt.
 537:Libraries/STM32F10x_StdPeriph_Driver/src/stm32f10x_dma.c ****   *     @arg DMA1_IT_GL4: DMA1 Channel4 global interrupt.
 538:Libraries/STM32F10x_StdPeriph_Driver/src/stm32f10x_dma.c ****   *     @arg DMA1_IT_TC4: DMA1 Channel4 transfer complete interrupt.
 539:Libraries/STM32F10x_StdPeriph_Driver/src/stm32f10x_dma.c ****   *     @arg DMA1_IT_HT4: DMA1 Channel4 half transfer interrupt.
 540:Libraries/STM32F10x_StdPeriph_Driver/src/stm32f10x_dma.c ****   *     @arg DMA1_IT_TE4: DMA1 Channel4 transfer error interrupt.
 541:Libraries/STM32F10x_StdPeriph_Driver/src/stm32f10x_dma.c ****   *     @arg DMA1_IT_GL5: DMA1 Channel5 global interrupt.
 542:Libraries/STM32F10x_StdPeriph_Driver/src/stm32f10x_dma.c ****   *     @arg DMA1_IT_TC5: DMA1 Channel5 transfer complete interrupt.
 543:Libraries/STM32F10x_StdPeriph_Driver/src/stm32f10x_dma.c ****   *     @arg DMA1_IT_HT5: DMA1 Channel5 half transfer interrupt.
 544:Libraries/STM32F10x_StdPeriph_Driver/src/stm32f10x_dma.c ****   *     @arg DMA1_IT_TE5: DMA1 Channel5 transfer error interrupt.
 545:Libraries/STM32F10x_StdPeriph_Driver/src/stm32f10x_dma.c ****   *     @arg DMA1_IT_GL6: DMA1 Channel6 global interrupt.
 546:Libraries/STM32F10x_StdPeriph_Driver/src/stm32f10x_dma.c ****   *     @arg DMA1_IT_TC6: DMA1 Channel6 transfer complete interrupt.
 547:Libraries/STM32F10x_StdPeriph_Driver/src/stm32f10x_dma.c ****   *     @arg DMA1_IT_HT6: DMA1 Channel6 half transfer interrupt.
 548:Libraries/STM32F10x_StdPeriph_Driver/src/stm32f10x_dma.c ****   *     @arg DMA1_IT_TE6: DMA1 Channel6 transfer error interrupt.
 549:Libraries/STM32F10x_StdPeriph_Driver/src/stm32f10x_dma.c ****   *     @arg DMA1_IT_GL7: DMA1 Channel7 global interrupt.
 550:Libraries/STM32F10x_StdPeriph_Driver/src/stm32f10x_dma.c ****   *     @arg DMA1_IT_TC7: DMA1 Channel7 transfer complete interrupt.
 551:Libraries/STM32F10x_StdPeriph_Driver/src/stm32f10x_dma.c ****   *     @arg DMA1_IT_HT7: DMA1 Channel7 half transfer interrupt.
 552:Libraries/STM32F10x_StdPeriph_Driver/src/stm32f10x_dma.c ****   *     @arg DMA1_IT_TE7: DMA1 Channel7 transfer error interrupt.
 553:Libraries/STM32F10x_StdPeriph_Driver/src/stm32f10x_dma.c ****   *     @arg DMA2_IT_GL1: DMA2 Channel1 global interrupt.
 554:Libraries/STM32F10x_StdPeriph_Driver/src/stm32f10x_dma.c ****   *     @arg DMA2_IT_TC1: DMA2 Channel1 transfer complete interrupt.
 555:Libraries/STM32F10x_StdPeriph_Driver/src/stm32f10x_dma.c ****   *     @arg DMA2_IT_HT1: DMA2 Channel1 half transfer interrupt.
 556:Libraries/STM32F10x_StdPeriph_Driver/src/stm32f10x_dma.c ****   *     @arg DMA2_IT_TE1: DMA2 Channel1 transfer error interrupt.
 557:Libraries/STM32F10x_StdPeriph_Driver/src/stm32f10x_dma.c ****   *     @arg DMA2_IT_GL2: DMA2 Channel2 global interrupt.
 558:Libraries/STM32F10x_StdPeriph_Driver/src/stm32f10x_dma.c ****   *     @arg DMA2_IT_TC2: DMA2 Channel2 transfer complete interrupt.
 559:Libraries/STM32F10x_StdPeriph_Driver/src/stm32f10x_dma.c ****   *     @arg DMA2_IT_HT2: DMA2 Channel2 half transfer interrupt.
 560:Libraries/STM32F10x_StdPeriph_Driver/src/stm32f10x_dma.c ****   *     @arg DMA2_IT_TE2: DMA2 Channel2 transfer error interrupt.
 561:Libraries/STM32F10x_StdPeriph_Driver/src/stm32f10x_dma.c ****   *     @arg DMA2_IT_GL3: DMA2 Channel3 global interrupt.
 562:Libraries/STM32F10x_StdPeriph_Driver/src/stm32f10x_dma.c ****   *     @arg DMA2_IT_TC3: DMA2 Channel3 transfer complete interrupt.
 563:Libraries/STM32F10x_StdPeriph_Driver/src/stm32f10x_dma.c ****   *     @arg DMA2_IT_HT3: DMA2 Channel3 half transfer interrupt.
 564:Libraries/STM32F10x_StdPeriph_Driver/src/stm32f10x_dma.c ****   *     @arg DMA2_IT_TE3: DMA2 Channel3 transfer error interrupt.
 565:Libraries/STM32F10x_StdPeriph_Driver/src/stm32f10x_dma.c ****   *     @arg DMA2_IT_GL4: DMA2 Channel4 global interrupt.
 566:Libraries/STM32F10x_StdPeriph_Driver/src/stm32f10x_dma.c ****   *     @arg DMA2_IT_TC4: DMA2 Channel4 transfer complete interrupt.
 567:Libraries/STM32F10x_StdPeriph_Driver/src/stm32f10x_dma.c ****   *     @arg DMA2_IT_HT4: DMA2 Channel4 half transfer interrupt.
 568:Libraries/STM32F10x_StdPeriph_Driver/src/stm32f10x_dma.c ****   *     @arg DMA2_IT_TE4: DMA2 Channel4 transfer error interrupt.
 569:Libraries/STM32F10x_StdPeriph_Driver/src/stm32f10x_dma.c ****   *     @arg DMA2_IT_GL5: DMA2 Channel5 global interrupt.
 570:Libraries/STM32F10x_StdPeriph_Driver/src/stm32f10x_dma.c ****   *     @arg DMA2_IT_TC5: DMA2 Channel5 transfer complete interrupt.
 571:Libraries/STM32F10x_StdPeriph_Driver/src/stm32f10x_dma.c ****   *     @arg DMA2_IT_HT5: DMA2 Channel5 half transfer interrupt.
 572:Libraries/STM32F10x_StdPeriph_Driver/src/stm32f10x_dma.c ****   *     @arg DMA2_IT_TE5: DMA2 Channel5 transfer error interrupt.
 573:Libraries/STM32F10x_StdPeriph_Driver/src/stm32f10x_dma.c ****   * @retval The new state of DMA_IT (SET or RESET).
 574:Libraries/STM32F10x_StdPeriph_Driver/src/stm32f10x_dma.c ****   */
 575:Libraries/STM32F10x_StdPeriph_Driver/src/stm32f10x_dma.c **** ITStatus DMA_GetITStatus(uint32_t DMA_IT)
 576:Libraries/STM32F10x_StdPeriph_Driver/src/stm32f10x_dma.c **** {
 458              		.loc 1 576 0
 459              		.cfi_startproc
 460              		@ args = 0, pretend = 0, frame = 0
 461              		@ frame_needed = 0, uses_anonymous_args = 0
 462              		@ link register save eliminated.
 463              	.LVL20:
 577:Libraries/STM32F10x_StdPeriph_Driver/src/stm32f10x_dma.c ****   ITStatus bitstatus = RESET;
 578:Libraries/STM32F10x_StdPeriph_Driver/src/stm32f10x_dma.c ****   uint32_t tmpreg = 0;
 579:Libraries/STM32F10x_StdPeriph_Driver/src/stm32f10x_dma.c ****   /* Check the parameters */
 580:Libraries/STM32F10x_StdPeriph_Driver/src/stm32f10x_dma.c ****   assert_param(IS_DMA_GET_IT(DMA_IT));
 581:Libraries/STM32F10x_StdPeriph_Driver/src/stm32f10x_dma.c **** 
 582:Libraries/STM32F10x_StdPeriph_Driver/src/stm32f10x_dma.c ****   /* Calculate the used DMA */
 583:Libraries/STM32F10x_StdPeriph_Driver/src/stm32f10x_dma.c ****   if ((DMA_IT & FLAG_Mask) != (uint32_t)RESET)
 464              		.loc 1 583 0
 465 0000 C300     		lsls	r3, r0, #3
 584:Libraries/STM32F10x_StdPeriph_Driver/src/stm32f10x_dma.c ****   {
 585:Libraries/STM32F10x_StdPeriph_Driver/src/stm32f10x_dma.c ****     /* Get DMA2 ISR register value */
 586:Libraries/STM32F10x_StdPeriph_Driver/src/stm32f10x_dma.c ****     tmpreg = DMA2->ISR ;
 466              		.loc 1 586 0
 467 0002 4CBF     		ite	mi
 468 0004 034B     		ldrmi	r3, .L50
 587:Libraries/STM32F10x_StdPeriph_Driver/src/stm32f10x_dma.c ****   }
 588:Libraries/STM32F10x_StdPeriph_Driver/src/stm32f10x_dma.c ****   else
 589:Libraries/STM32F10x_StdPeriph_Driver/src/stm32f10x_dma.c ****   {
 590:Libraries/STM32F10x_StdPeriph_Driver/src/stm32f10x_dma.c ****     /* Get DMA1 ISR register value */
 591:Libraries/STM32F10x_StdPeriph_Driver/src/stm32f10x_dma.c ****     tmpreg = DMA1->ISR ;
 469              		.loc 1 591 0
 470 0006 044B     		ldrpl	r3, .L50+4
 471 0008 1B68     		ldr	r3, [r3]
 472              	.LVL21:
 592:Libraries/STM32F10x_StdPeriph_Driver/src/stm32f10x_dma.c ****   }
 593:Libraries/STM32F10x_StdPeriph_Driver/src/stm32f10x_dma.c **** 
 594:Libraries/STM32F10x_StdPeriph_Driver/src/stm32f10x_dma.c ****   /* Check the status of the specified DMA interrupt */
 595:Libraries/STM32F10x_StdPeriph_Driver/src/stm32f10x_dma.c ****   if ((tmpreg & DMA_IT) != (uint32_t)RESET)
 473              		.loc 1 595 0
 474 000a 0342     		tst	r3, r0
 596:Libraries/STM32F10x_StdPeriph_Driver/src/stm32f10x_dma.c ****   {
 597:Libraries/STM32F10x_StdPeriph_Driver/src/stm32f10x_dma.c ****     /* DMA_IT is set */
 598:Libraries/STM32F10x_StdPeriph_Driver/src/stm32f10x_dma.c ****     bitstatus = SET;
 599:Libraries/STM32F10x_StdPeriph_Driver/src/stm32f10x_dma.c ****   }
 600:Libraries/STM32F10x_StdPeriph_Driver/src/stm32f10x_dma.c ****   else
 601:Libraries/STM32F10x_StdPeriph_Driver/src/stm32f10x_dma.c ****   {
 602:Libraries/STM32F10x_StdPeriph_Driver/src/stm32f10x_dma.c ****     /* DMA_IT is reset */
 603:Libraries/STM32F10x_StdPeriph_Driver/src/stm32f10x_dma.c ****     bitstatus = RESET;
 604:Libraries/STM32F10x_StdPeriph_Driver/src/stm32f10x_dma.c ****   }
 605:Libraries/STM32F10x_StdPeriph_Driver/src/stm32f10x_dma.c ****   /* Return the DMA_IT status */
 606:Libraries/STM32F10x_StdPeriph_Driver/src/stm32f10x_dma.c ****   return  bitstatus;
 607:Libraries/STM32F10x_StdPeriph_Driver/src/stm32f10x_dma.c **** }
 475              		.loc 1 607 0
 476 000c 14BF     		ite	ne
 477 000e 0120     		movne	r0, #1
 478              	.LVL22:
 479 0010 0020     		moveq	r0, #0
 480 0012 7047     		bx	lr
 481              	.L51:
 482              		.align	2
 483              	.L50:
 484 0014 00040240 		.word	1073873920
 485 0018 00000240 		.word	1073872896
 486              		.cfi_endproc
 487              	.LFE37:
 489              		.section	.text.DMA_ClearITPendingBit,"ax",%progbits
 490              		.align	1
 491              		.global	DMA_ClearITPendingBit
 492              		.thumb
 493              		.thumb_func
 495              	DMA_ClearITPendingBit:
 496              	.LFB38:
 608:Libraries/STM32F10x_StdPeriph_Driver/src/stm32f10x_dma.c **** 
 609:Libraries/STM32F10x_StdPeriph_Driver/src/stm32f10x_dma.c **** /**
 610:Libraries/STM32F10x_StdPeriph_Driver/src/stm32f10x_dma.c ****   * @brief  Clears the DMAy Channelxs interrupt pending bits.
 611:Libraries/STM32F10x_StdPeriph_Driver/src/stm32f10x_dma.c ****   * @param  DMA_IT: specifies the DMA interrupt pending bit to clear.
 612:Libraries/STM32F10x_StdPeriph_Driver/src/stm32f10x_dma.c ****   *   This parameter can be any combination (for the same DMA) of the following values:
 613:Libraries/STM32F10x_StdPeriph_Driver/src/stm32f10x_dma.c ****   *     @arg DMA1_IT_GL1: DMA1 Channel1 global interrupt.
 614:Libraries/STM32F10x_StdPeriph_Driver/src/stm32f10x_dma.c ****   *     @arg DMA1_IT_TC1: DMA1 Channel1 transfer complete interrupt.
 615:Libraries/STM32F10x_StdPeriph_Driver/src/stm32f10x_dma.c ****   *     @arg DMA1_IT_HT1: DMA1 Channel1 half transfer interrupt.
 616:Libraries/STM32F10x_StdPeriph_Driver/src/stm32f10x_dma.c ****   *     @arg DMA1_IT_TE1: DMA1 Channel1 transfer error interrupt.
 617:Libraries/STM32F10x_StdPeriph_Driver/src/stm32f10x_dma.c ****   *     @arg DMA1_IT_GL2: DMA1 Channel2 global interrupt.
 618:Libraries/STM32F10x_StdPeriph_Driver/src/stm32f10x_dma.c ****   *     @arg DMA1_IT_TC2: DMA1 Channel2 transfer complete interrupt.
 619:Libraries/STM32F10x_StdPeriph_Driver/src/stm32f10x_dma.c ****   *     @arg DMA1_IT_HT2: DMA1 Channel2 half transfer interrupt.
 620:Libraries/STM32F10x_StdPeriph_Driver/src/stm32f10x_dma.c ****   *     @arg DMA1_IT_TE2: DMA1 Channel2 transfer error interrupt.
 621:Libraries/STM32F10x_StdPeriph_Driver/src/stm32f10x_dma.c ****   *     @arg DMA1_IT_GL3: DMA1 Channel3 global interrupt.
 622:Libraries/STM32F10x_StdPeriph_Driver/src/stm32f10x_dma.c ****   *     @arg DMA1_IT_TC3: DMA1 Channel3 transfer complete interrupt.
 623:Libraries/STM32F10x_StdPeriph_Driver/src/stm32f10x_dma.c ****   *     @arg DMA1_IT_HT3: DMA1 Channel3 half transfer interrupt.
 624:Libraries/STM32F10x_StdPeriph_Driver/src/stm32f10x_dma.c ****   *     @arg DMA1_IT_TE3: DMA1 Channel3 transfer error interrupt.
 625:Libraries/STM32F10x_StdPeriph_Driver/src/stm32f10x_dma.c ****   *     @arg DMA1_IT_GL4: DMA1 Channel4 global interrupt.
 626:Libraries/STM32F10x_StdPeriph_Driver/src/stm32f10x_dma.c ****   *     @arg DMA1_IT_TC4: DMA1 Channel4 transfer complete interrupt.
 627:Libraries/STM32F10x_StdPeriph_Driver/src/stm32f10x_dma.c ****   *     @arg DMA1_IT_HT4: DMA1 Channel4 half transfer interrupt.
 628:Libraries/STM32F10x_StdPeriph_Driver/src/stm32f10x_dma.c ****   *     @arg DMA1_IT_TE4: DMA1 Channel4 transfer error interrupt.
 629:Libraries/STM32F10x_StdPeriph_Driver/src/stm32f10x_dma.c ****   *     @arg DMA1_IT_GL5: DMA1 Channel5 global interrupt.
 630:Libraries/STM32F10x_StdPeriph_Driver/src/stm32f10x_dma.c ****   *     @arg DMA1_IT_TC5: DMA1 Channel5 transfer complete interrupt.
 631:Libraries/STM32F10x_StdPeriph_Driver/src/stm32f10x_dma.c ****   *     @arg DMA1_IT_HT5: DMA1 Channel5 half transfer interrupt.
 632:Libraries/STM32F10x_StdPeriph_Driver/src/stm32f10x_dma.c ****   *     @arg DMA1_IT_TE5: DMA1 Channel5 transfer error interrupt.
 633:Libraries/STM32F10x_StdPeriph_Driver/src/stm32f10x_dma.c ****   *     @arg DMA1_IT_GL6: DMA1 Channel6 global interrupt.
 634:Libraries/STM32F10x_StdPeriph_Driver/src/stm32f10x_dma.c ****   *     @arg DMA1_IT_TC6: DMA1 Channel6 transfer complete interrupt.
 635:Libraries/STM32F10x_StdPeriph_Driver/src/stm32f10x_dma.c ****   *     @arg DMA1_IT_HT6: DMA1 Channel6 half transfer interrupt.
 636:Libraries/STM32F10x_StdPeriph_Driver/src/stm32f10x_dma.c ****   *     @arg DMA1_IT_TE6: DMA1 Channel6 transfer error interrupt.
 637:Libraries/STM32F10x_StdPeriph_Driver/src/stm32f10x_dma.c ****   *     @arg DMA1_IT_GL7: DMA1 Channel7 global interrupt.
 638:Libraries/STM32F10x_StdPeriph_Driver/src/stm32f10x_dma.c ****   *     @arg DMA1_IT_TC7: DMA1 Channel7 transfer complete interrupt.
 639:Libraries/STM32F10x_StdPeriph_Driver/src/stm32f10x_dma.c ****   *     @arg DMA1_IT_HT7: DMA1 Channel7 half transfer interrupt.
 640:Libraries/STM32F10x_StdPeriph_Driver/src/stm32f10x_dma.c ****   *     @arg DMA1_IT_TE7: DMA1 Channel7 transfer error interrupt.
 641:Libraries/STM32F10x_StdPeriph_Driver/src/stm32f10x_dma.c ****   *     @arg DMA2_IT_GL1: DMA2 Channel1 global interrupt.
 642:Libraries/STM32F10x_StdPeriph_Driver/src/stm32f10x_dma.c ****   *     @arg DMA2_IT_TC1: DMA2 Channel1 transfer complete interrupt.
 643:Libraries/STM32F10x_StdPeriph_Driver/src/stm32f10x_dma.c ****   *     @arg DMA2_IT_HT1: DMA2 Channel1 half transfer interrupt.
 644:Libraries/STM32F10x_StdPeriph_Driver/src/stm32f10x_dma.c ****   *     @arg DMA2_IT_TE1: DMA2 Channel1 transfer error interrupt.
 645:Libraries/STM32F10x_StdPeriph_Driver/src/stm32f10x_dma.c ****   *     @arg DMA2_IT_GL2: DMA2 Channel2 global interrupt.
 646:Libraries/STM32F10x_StdPeriph_Driver/src/stm32f10x_dma.c ****   *     @arg DMA2_IT_TC2: DMA2 Channel2 transfer complete interrupt.
 647:Libraries/STM32F10x_StdPeriph_Driver/src/stm32f10x_dma.c ****   *     @arg DMA2_IT_HT2: DMA2 Channel2 half transfer interrupt.
 648:Libraries/STM32F10x_StdPeriph_Driver/src/stm32f10x_dma.c ****   *     @arg DMA2_IT_TE2: DMA2 Channel2 transfer error interrupt.
 649:Libraries/STM32F10x_StdPeriph_Driver/src/stm32f10x_dma.c ****   *     @arg DMA2_IT_GL3: DMA2 Channel3 global interrupt.
 650:Libraries/STM32F10x_StdPeriph_Driver/src/stm32f10x_dma.c ****   *     @arg DMA2_IT_TC3: DMA2 Channel3 transfer complete interrupt.
 651:Libraries/STM32F10x_StdPeriph_Driver/src/stm32f10x_dma.c ****   *     @arg DMA2_IT_HT3: DMA2 Channel3 half transfer interrupt.
 652:Libraries/STM32F10x_StdPeriph_Driver/src/stm32f10x_dma.c ****   *     @arg DMA2_IT_TE3: DMA2 Channel3 transfer error interrupt.
 653:Libraries/STM32F10x_StdPeriph_Driver/src/stm32f10x_dma.c ****   *     @arg DMA2_IT_GL4: DMA2 Channel4 global interrupt.
 654:Libraries/STM32F10x_StdPeriph_Driver/src/stm32f10x_dma.c ****   *     @arg DMA2_IT_TC4: DMA2 Channel4 transfer complete interrupt.
 655:Libraries/STM32F10x_StdPeriph_Driver/src/stm32f10x_dma.c ****   *     @arg DMA2_IT_HT4: DMA2 Channel4 half transfer interrupt.
 656:Libraries/STM32F10x_StdPeriph_Driver/src/stm32f10x_dma.c ****   *     @arg DMA2_IT_TE4: DMA2 Channel4 transfer error interrupt.
 657:Libraries/STM32F10x_StdPeriph_Driver/src/stm32f10x_dma.c ****   *     @arg DMA2_IT_GL5: DMA2 Channel5 global interrupt.
 658:Libraries/STM32F10x_StdPeriph_Driver/src/stm32f10x_dma.c ****   *     @arg DMA2_IT_TC5: DMA2 Channel5 transfer complete interrupt.
 659:Libraries/STM32F10x_StdPeriph_Driver/src/stm32f10x_dma.c ****   *     @arg DMA2_IT_HT5: DMA2 Channel5 half transfer interrupt.
 660:Libraries/STM32F10x_StdPeriph_Driver/src/stm32f10x_dma.c ****   *     @arg DMA2_IT_TE5: DMA2 Channel5 transfer error interrupt.
 661:Libraries/STM32F10x_StdPeriph_Driver/src/stm32f10x_dma.c ****   * @retval None
 662:Libraries/STM32F10x_StdPeriph_Driver/src/stm32f10x_dma.c ****   */
 663:Libraries/STM32F10x_StdPeriph_Driver/src/stm32f10x_dma.c **** void DMA_ClearITPendingBit(uint32_t DMA_IT)
 664:Libraries/STM32F10x_StdPeriph_Driver/src/stm32f10x_dma.c **** {
 497              		.loc 1 664 0
 498              		.cfi_startproc
 499              		@ args = 0, pretend = 0, frame = 0
 500              		@ frame_needed = 0, uses_anonymous_args = 0
 501              		@ link register save eliminated.
 502              	.LVL23:
 665:Libraries/STM32F10x_StdPeriph_Driver/src/stm32f10x_dma.c ****   /* Check the parameters */
 666:Libraries/STM32F10x_StdPeriph_Driver/src/stm32f10x_dma.c ****   assert_param(IS_DMA_CLEAR_IT(DMA_IT));
 667:Libraries/STM32F10x_StdPeriph_Driver/src/stm32f10x_dma.c **** 
 668:Libraries/STM32F10x_StdPeriph_Driver/src/stm32f10x_dma.c ****   /* Calculate the used DMA */
 669:Libraries/STM32F10x_StdPeriph_Driver/src/stm32f10x_dma.c ****   if ((DMA_IT & FLAG_Mask) != (uint32_t)RESET)
 503              		.loc 1 669 0
 504 0000 C300     		lsls	r3, r0, #3
 670:Libraries/STM32F10x_StdPeriph_Driver/src/stm32f10x_dma.c ****   {
 671:Libraries/STM32F10x_StdPeriph_Driver/src/stm32f10x_dma.c ****     /* Clear the selected DMA interrupt pending bits */
 672:Libraries/STM32F10x_StdPeriph_Driver/src/stm32f10x_dma.c ****     DMA2->IFCR = DMA_IT;
 505              		.loc 1 672 0
 506 0002 4CBF     		ite	mi
 507 0004 014B     		ldrmi	r3, .L56
 673:Libraries/STM32F10x_StdPeriph_Driver/src/stm32f10x_dma.c ****   }
 674:Libraries/STM32F10x_StdPeriph_Driver/src/stm32f10x_dma.c ****   else
 675:Libraries/STM32F10x_StdPeriph_Driver/src/stm32f10x_dma.c ****   {
 676:Libraries/STM32F10x_StdPeriph_Driver/src/stm32f10x_dma.c ****     /* Clear the selected DMA interrupt pending bits */
 677:Libraries/STM32F10x_StdPeriph_Driver/src/stm32f10x_dma.c ****     DMA1->IFCR = DMA_IT;
 508              		.loc 1 677 0
 509 0006 024B     		ldrpl	r3, .L56+4
 510 0008 5860     		str	r0, [r3, #4]
 511 000a 7047     		bx	lr
 512              	.L57:
 513              		.align	2
 514              	.L56:
 515 000c 00040240 		.word	1073873920
 516 0010 00000240 		.word	1073872896
 517              		.cfi_endproc
 518              	.LFE38:
 520              		.text
 521              	.Letext0:
 522              		.file 2 "/usr/include/newlib/machine/_default_types.h"
 523              		.file 3 "/usr/include/newlib/stdint.h"
 524              		.file 4 "./Libraries/CMSIS/CM3/DeviceSupport/ST/STM32F10x/stm32f10x.h"
 525              		.file 5 "./Libraries/STM32F10x_StdPeriph_Driver/inc/stm32f10x_dma.h"
 526              		.file 6 "./Libraries/CMSIS/CM3/CoreSupport/core_cm3.h"
DEFINED SYMBOLS
                            *ABS*:00000000 stm32f10x_dma.c
     /tmp/ccd2QvVJ.s:19     .text.DMA_DeInit:00000000 $t
     /tmp/ccd2QvVJ.s:24     .text.DMA_DeInit:00000000 DMA_DeInit
     /tmp/ccd2QvVJ.s:166    .text.DMA_DeInit:000000b8 $d
     /tmp/ccd2QvVJ.s:184    .text.DMA_Init:00000000 $t
     /tmp/ccd2QvVJ.s:189    .text.DMA_Init:00000000 DMA_Init
     /tmp/ccd2QvVJ.s:254    .text.DMA_StructInit:00000000 $t
     /tmp/ccd2QvVJ.s:259    .text.DMA_StructInit:00000000 DMA_StructInit
     /tmp/ccd2QvVJ.s:295    .text.DMA_Cmd:00000000 $t
     /tmp/ccd2QvVJ.s:300    .text.DMA_Cmd:00000000 DMA_Cmd
     /tmp/ccd2QvVJ.s:325    .text.DMA_ITConfig:00000000 $t
     /tmp/ccd2QvVJ.s:330    .text.DMA_ITConfig:00000000 DMA_ITConfig
     /tmp/ccd2QvVJ.s:358    .text.DMA_GetCurrDataCounter:00000000 $t
     /tmp/ccd2QvVJ.s:363    .text.DMA_GetCurrDataCounter:00000000 DMA_GetCurrDataCounter
     /tmp/ccd2QvVJ.s:381    .text.DMA_GetFlagStatus:00000000 $t
     /tmp/ccd2QvVJ.s:386    .text.DMA_GetFlagStatus:00000000 DMA_GetFlagStatus
     /tmp/ccd2QvVJ.s:414    .text.DMA_GetFlagStatus:00000014 $d
     /tmp/ccd2QvVJ.s:420    .text.DMA_ClearFlag:00000000 $t
     /tmp/ccd2QvVJ.s:425    .text.DMA_ClearFlag:00000000 DMA_ClearFlag
     /tmp/ccd2QvVJ.s:445    .text.DMA_ClearFlag:0000000c $d
     /tmp/ccd2QvVJ.s:451    .text.DMA_GetITStatus:00000000 $t
     /tmp/ccd2QvVJ.s:456    .text.DMA_GetITStatus:00000000 DMA_GetITStatus
     /tmp/ccd2QvVJ.s:484    .text.DMA_GetITStatus:00000014 $d
     /tmp/ccd2QvVJ.s:490    .text.DMA_ClearITPendingBit:00000000 $t
     /tmp/ccd2QvVJ.s:495    .text.DMA_ClearITPendingBit:00000000 DMA_ClearITPendingBit
     /tmp/ccd2QvVJ.s:515    .text.DMA_ClearITPendingBit:0000000c $d
                     .debug_frame:00000010 $d

NO UNDEFINED SYMBOLS
